Using pre-set license
Built from '2020.2/release' branch; Version is '2020.2.1f1 (270dd8c3da1c) revision 2559448'; Using compiler version '192528614'; Build Type 'Release'
OS: 'Windows 10  (10.0.0) 64bit' Language: 'en' Physical Memory: 32573 MB
BatchMode: 1, IsHumanControllingUs: 0, StartBugReporterOnCrash: 0, Is64bit: 1, IsPro: 0

 COMMAND LINE ARGUMENTS:
C:\Program Files\Unity\Hub\Editor\2020.2.1f1\Editor\Unity.exe
-adb2
-batchMode
-noUpm
-name
AssetImportWorker1
-projectPath
F:/Github/Game3033_FinalGameJam
-logFile
Logs/AssetImportWorker1.log
-srvPort
52099
Successfully changed project path to: F:/Github/Game3033_FinalGameJam
F:/Github/Game3033_FinalGameJam
Using Asset Import Pipeline V2.
Refreshing native plugins compatible for Editor in 22.95 ms, found 0 plugins.
Preloading 0 native plugins for Editor in 0.00 ms.
Initialize engine version: 2020.2.1f1 (270dd8c3da1c)
[Subsystems] Discovering subsystems at path C:/Program Files/Unity/Hub/Editor/2020.2.1f1/Editor/Data/Resources/UnitySubsystems
[Subsystems] Discovering subsystems at path F:/Github/Game3033_FinalGameJam/Assets
GfxDevice: creating device client; threaded=0
Direct3D:
    Version:  Direct3D 11.0 [level 11.1]
    Renderer: NVIDIA GeForce RTX 2060 (ID=0x1f08)
    Vendor:   
    VRAM:     5980 MB
    Driver:   27.21.14.6192
Initialize mono
Mono path[0] = 'C:/Program Files/Unity/Hub/Editor/2020.2.1f1/Editor/Data/Managed'
Mono path[1] = 'C:/Program Files/Unity/Hub/Editor/2020.2.1f1/Editor/Data/MonoBleedingEdge/lib/mono/unityjit'
Mono config path = 'C:/Program Files/Unity/Hub/Editor/2020.2.1f1/Editor/Data/MonoBleedingEdge/etc'
Using monoOptions --debugger-agent=transport=dt_socket,embedding=1,server=y,suspend=n,address=127.0.0.1:56604
Begin MonoManager ReloadAssembly
Registering precompiled unity dll's ...
Register platform support module: C:/Program Files/Unity/Hub/Editor/2020.2.1f1/Editor/Data/PlaybackEngines/WebGLSupport/UnityEditor.WebGL.Extensions.dll
Register platform support module: C:/Program Files/Unity/Hub/Editor/2020.2.1f1/Editor/Data/PlaybackEngines/WindowsStandaloneSupport/UnityEditor.WindowsStandalone.Extensions.dll
Registered in 0.043690 seconds.
Native extension for WindowsStandalone target not found
Native extension for WebGL target not found
Refreshing native plugins compatible for Editor in 23.98 ms, found 0 plugins.
Preloading 0 native plugins for Editor in 0.00 ms.
Invoked RoslynAnalysisRunner static constructor.
RoslynAnalysisRunner will not be running.
RoslynAnalysisRunner has terminated.
Mono: successfully reloaded assembly
- Completed reload, in  2.891 seconds
Platform modules already initialized, skipping
Registering precompiled user dll's ...
Registered in 0.000541 seconds.
Begin MonoManager ReloadAssembly
Native extension for WindowsStandalone target not found
Native extension for WebGL target not found
Refreshing native plugins compatible for Editor in 24.29 ms, found 0 plugins.
Preloading 0 native plugins for Editor in 0.00 ms.
Invoked RoslynAnalysisRunner static constructor.
RoslynAnalysisRunner will not be running.
RoslynAnalysisRunner has terminated.
Mono: successfully reloaded assembly
- Completed reload, in  0.847 seconds
Platform modules already initialized, skipping
========================================================================
Worker process is ready to serve import requests
Launched and connected shader compiler UnityShaderCompiler.exe after 0.05 seconds
Refreshing native plugins compatible for Editor in 0.28 ms, found 0 plugins.
Preloading 0 native plugins for Editor in 0.00 ms.
Unloading 1557 Unused Serialized files (Serialized files now loaded: 0)
System memory in use before: 73.8 MB.
System memory in use after: 73.9 MB.

Unloading 13 unused Assets to reduce memory usage. Loaded Objects now: 2001.
Total: 1.729000 ms (FindLiveObjects: 0.152900 ms CreateObjectMapping: 0.052200 ms MarkObjects: 1.468000 ms  DeleteObjects: 0.054700 ms)

========================================================================
Received Import Request.
  path: Assets/DisplayMass.cs
  artifactKey: Guid(0beeb529d96281d43b4ccb0381e1ca27) Importer(815301076,1909f56bfc062723c751e8b465ee728b)
Start importing Assets/DisplayMass.cs using Guid(0beeb529d96281d43b4ccb0381e1ca27) Importer(815301076,1909f56bfc062723c751e8b465ee728b)  -> (artifact id: '7189e60bf40be8a1daa6ad64ad16f0d7') in 0.047043 seconds
  Import took 0.049735 seconds .

========================================================================
Received Import Request.
  Time since last request: 0.000685 seconds.
  path: Assets/MovementScript.cs
  artifactKey: Guid(542a6d1f35b7ec84bb3f126174ab0188) Importer(815301076,1909f56bfc062723c751e8b465ee728b)
Start importing Assets/MovementScript.cs using Guid(542a6d1f35b7ec84bb3f126174ab0188) Importer(815301076,1909f56bfc062723c751e8b465ee728b)  -> (artifact id: '4c07e166e9f3ac261a1289922d324acf') in 0.007799 seconds
  Import took 0.010349 seconds .

========================================================================
Received Import Request.
  Time since last request: 0.000411 seconds.
  path: Assets/Scripts
  artifactKey: Guid(56e0a7962d5b00f45a4a7d245713d59c) Importer(815301076,1909f56bfc062723c751e8b465ee728b)
Start importing Assets/Scripts using Guid(56e0a7962d5b00f45a4a7d245713d59c) Importer(815301076,1909f56bfc062723c751e8b465ee728b)  -> (artifact id: '3829b504f6d52cc0ec6faecb2cb246f0') in 0.008172 seconds
  Import took 0.011173 seconds .

========================================================================
Received Prepare
Registering precompiled user dll's ...
Registered in 0.000688 seconds.
Begin MonoManager ReloadAssembly
Native extension for WindowsStandalone target not found
Native extension for WebGL target not found
Refreshing native plugins compatible for Editor in 0.22 ms, found 0 plugins.
Preloading 0 native plugins for Editor in 0.00 ms.
Invoked RoslynAnalysisRunner static constructor.
RoslynAnalysisRunner will not be running.
RoslynAnalysisRunner has terminated.
Mono: successfully reloaded assembly
- Completed reload, in  0.833 seconds
Platform modules already initialized, skipping
Refreshing native plugins compatible for Editor in 0.22 ms, found 0 plugins.
Preloading 0 native plugins for Editor in 0.00 ms.
Unloading 1537 Unused Serialized files (Serialized files now loaded: 0)
System memory in use before: 73.1 MB.
System memory in use after: 73.2 MB.

Unloading 6 unused Assets to reduce memory usage. Loaded Objects now: 2003.
Total: 1.589100 ms (FindLiveObjects: 0.142500 ms CreateObjectMapping: 0.044600 ms MarkObjects: 1.363700 ms  DeleteObjects: 0.037600 ms)

========================================================================
Received Import Request.
  Time since last request: 19.633731 seconds.
  path: Assets/Audio
  artifactKey: Guid(80cc99fa310d1e94bb6925f43878ad61) Importer(815301076,1909f56bfc062723c751e8b465ee728b)
Start importing Assets/Audio using Guid(80cc99fa310d1e94bb6925f43878ad61) Importer(815301076,1909f56bfc062723c751e8b465ee728b)  -> (artifact id: 'edffda9e69bb1fd2f680d6d0d3c1b97b') in 0.009420 seconds
  Import took 0.011828 seconds .

========================================================================
Received Import Request.
  Time since last request: 0.001202 seconds.
  path: Assets/Audio
  artifactKey: Guid(80cc99fa310d1e94bb6925f43878ad61) Importer(815301076,1909f56bfc062723c751e8b465ee728b)
Start importing Assets/Audio using Guid(80cc99fa310d1e94bb6925f43878ad61) Importer(815301076,1909f56bfc062723c751e8b465ee728b)  -> (artifact id: 'edffda9e69bb1fd2f680d6d0d3c1b97b') in 0.007311 seconds
  Import took 0.009675 seconds .

========================================================================
Received Import Request.
  Time since last request: 568.312571 seconds.
  path: Assets/Audio/GiveMass.wav
  artifactKey: Guid(96170bc5663df2348b0591bece845706) Importer(815301076,1909f56bfc062723c751e8b465ee728b)
Start importing Assets/Audio/GiveMass.wav using Guid(96170bc5663df2348b0591bece845706) Importer(815301076,1909f56bfc062723c751e8b465ee728b)  -> (artifact id: '7d1052c0d4e147eae39f77c337d217ab') in 0.084238 seconds
  Import took 0.086531 seconds .

========================================================================
Received Import Request.
  Time since last request: 1.535624 seconds.
  path: Assets/Audio/tea-time_loop
  artifactKey: Guid(882132ae9e8f8b449bc399c50f2f174b) Importer(815301076,1909f56bfc062723c751e8b465ee728b)
Start importing Assets/Audio/tea-time_loop using Guid(882132ae9e8f8b449bc399c50f2f174b) Importer(815301076,1909f56bfc062723c751e8b465ee728b)  -> (artifact id: '5d9598136954a13390d6224d53e8f8a9') in 0.008016 seconds
  Import took 0.010378 seconds .

========================================================================
Received Import Request.
  Time since last request: 2.965834 seconds.
  path: Assets/Audio/tea-time_loop/tea-time_loop.m4a
  artifactKey: Guid(091e733101691284dac34fdc1f9bb8f3) Importer(815301076,1909f56bfc062723c751e8b465ee728b)
Start importing Assets/Audio/tea-time_loop/tea-time_loop.m4a using Guid(091e733101691284dac34fdc1f9bb8f3) Importer(815301076,1909f56bfc062723c751e8b465ee728b)  -> (artifact id: 'c5dfbb829d7dfcc7326a3b7a59a79159') in 0.014224 seconds
  Import took 0.016539 seconds .

========================================================================
Received Import Request.
  Time since last request: 1.328748 seconds.
  path: Assets/Audio/tea-time_loop/tea-time_loop.ogg
  artifactKey: Guid(8d0fb5a2acace92469a9c780c2167885) Importer(815301076,1909f56bfc062723c751e8b465ee728b)
Start importing Assets/Audio/tea-time_loop/tea-time_loop.ogg using Guid(8d0fb5a2acace92469a9c780c2167885) Importer(815301076,1909f56bfc062723c751e8b465ee728b)  -> (artifact id: '16e457b571dae236a52543edf93c8c99') in 0.108036 seconds
  Import took 0.110406 seconds .

========================================================================
Received Prepare
Registering precompiled user dll's ...
Registered in 0.000780 seconds.
Begin MonoManager ReloadAssembly
Native extension for WindowsStandalone target not found
Native extension for WebGL target not found
Refreshing native plugins compatible for Editor in 0.36 ms, found 0 plugins.
Preloading 0 native plugins for Editor in 0.00 ms.
Invoked RoslynAnalysisRunner static constructor.
RoslynAnalysisRunner will not be running.
RoslynAnalysisRunner has terminated.
Mono: successfully reloaded assembly
- Completed reload, in  0.995 seconds
Platform modules already initialized, skipping
Refreshing native plugins compatible for Editor in 0.26 ms, found 0 plugins.
Preloading 0 native plugins for Editor in 0.00 ms.
Unloading 1537 Unused Serialized files (Serialized files now loaded: 0)
System memory in use before: 76.6 MB.
System memory in use after: 76.7 MB.

Unloading 6 unused Assets to reduce memory usage. Loaded Objects now: 2014.
Total: 1.776200 ms (FindLiveObjects: 0.279400 ms CreateObjectMapping: 0.094300 ms MarkObjects: 1.364100 ms  DeleteObjects: 0.036600 ms)

========================================================================
Received Prepare
Registering precompiled user dll's ...
Registered in 0.000612 seconds.
Begin MonoManager ReloadAssembly
Native extension for WindowsStandalone target not found
Native extension for WebGL target not found
Refreshing native plugins compatible for Editor in 0.24 ms, found 0 plugins.
Preloading 0 native plugins for Editor in 0.00 ms.
Invoked RoslynAnalysisRunner static constructor.
RoslynAnalysisRunner will not be running.
RoslynAnalysisRunner has terminated.
Mono: successfully reloaded assembly
- Completed reload, in  1.019 seconds
Platform modules already initialized, skipping
Refreshing native plugins compatible for Editor in 0.26 ms, found 0 plugins.
Preloading 0 native plugins for Editor in 0.00 ms.
Unloading 1537 Unused Serialized files (Serialized files now loaded: 0)
System memory in use before: 76.7 MB.
System memory in use after: 76.8 MB.

Unloading 6 unused Assets to reduce memory usage. Loaded Objects now: 2016.
Total: 1.857500 ms (FindLiveObjects: 0.136400 ms CreateObjectMapping: 0.043100 ms MarkObjects: 1.637600 ms  DeleteObjects: 0.038800 ms)

========================================================================
Received Prepare
Registering precompiled user dll's ...
Registered in 0.000917 seconds.
Begin MonoManager ReloadAssembly
Native extension for WindowsStandalone target not found
Native extension for WebGL target not found
Refreshing native plugins compatible for Editor in 0.37 ms, found 0 plugins.
Preloading 0 native plugins for Editor in 0.00 ms.
Invoked RoslynAnalysisRunner static constructor.
RoslynAnalysisRunner will not be running.
RoslynAnalysisRunner has terminated.
Mono: successfully reloaded assembly
- Completed reload, in  1.020 seconds
Platform modules already initialized, skipping
Refreshing native plugins compatible for Editor in 0.46 ms, found 0 plugins.
Preloading 0 native plugins for Editor in 0.00 ms.
Unloading 1537 Unused Serialized files (Serialized files now loaded: 0)
System memory in use before: 77.2 MB.
System memory in use after: 77.3 MB.

Unloading 6 unused Assets to reduce memory usage. Loaded Objects now: 2018.
Total: 2.857800 ms (FindLiveObjects: 0.390800 ms CreateObjectMapping: 0.123200 ms MarkObjects: 2.284900 ms  DeleteObjects: 0.057600 ms)

========================================================================
Received Prepare
Registering precompiled user dll's ...
Registered in 0.000759 seconds.
Begin MonoManager ReloadAssembly
Native extension for WindowsStandalone target not found
Native extension for WebGL target not found
Refreshing native plugins compatible for Editor in 0.25 ms, found 0 plugins.
Preloading 0 native plugins for Editor in 0.00 ms.
Invoked RoslynAnalysisRunner static constructor.
RoslynAnalysisRunner will not be running.
RoslynAnalysisRunner has terminated.
Mono: successfully reloaded assembly
- Completed reload, in  0.901 seconds
Platform modules already initialized, skipping
Refreshing native plugins compatible for Editor in 0.30 ms, found 0 plugins.
Preloading 0 native plugins for Editor in 0.00 ms.
Unloading 1537 Unused Serialized files (Serialized files now loaded: 0)
System memory in use before: 77.5 MB.
System memory in use after: 77.6 MB.

Unloading 6 unused Assets to reduce memory usage. Loaded Objects now: 2020.
Total: 1.827000 ms (FindLiveObjects: 0.286000 ms CreateObjectMapping: 0.050100 ms MarkObjects: 1.442200 ms  DeleteObjects: 0.047500 ms)

========================================================================
Received Prepare
Registering precompiled user dll's ...
Registered in 0.001742 seconds.
Begin MonoManager ReloadAssembly
Native extension for WindowsStandalone target not found
Native extension for WebGL target not found
Refreshing native plugins compatible for Editor in 0.23 ms, found 0 plugins.
Preloading 0 native plugins for Editor in 0.00 ms.
Invoked RoslynAnalysisRunner static constructor.
RoslynAnalysisRunner will not be running.
RoslynAnalysisRunner has terminated.
Mono: successfully reloaded assembly
- Completed reload, in  0.803 seconds
Platform modules already initialized, skipping
Refreshing native plugins compatible for Editor in 0.24 ms, found 0 plugins.
Preloading 0 native plugins for Editor in 0.00 ms.
Unloading 1537 Unused Serialized files (Serialized files now loaded: 0)
System memory in use before: 77.8 MB.
System memory in use after: 77.8 MB.

Unloading 6 unused Assets to reduce memory usage. Loaded Objects now: 2022.
Total: 2.068700 ms (FindLiveObjects: 0.372100 ms CreateObjectMapping: 0.076700 ms MarkObjects: 1.577300 ms  DeleteObjects: 0.041300 ms)

========================================================================
Received Import Request.
  Time since last request: 2468.696405 seconds.
  path: Assets/Scenes/MainMenu.unity
  artifactKey: Guid(f361493087069674d99052f7bea60a9d) Importer(815301076,1909f56bfc062723c751e8b465ee728b)
Start importing Assets/Scenes/MainMenu.unity using Guid(f361493087069674d99052f7bea60a9d) Importer(815301076,1909f56bfc062723c751e8b465ee728b)  -> (artifact id: '59901f11d9839b02aea234e5b2ef1409') in 0.018043 seconds
  Import took 0.020767 seconds .

========================================================================
Received Prepare
Registering precompiled user dll's ...
Registered in 0.000494 seconds.
Begin MonoManager ReloadAssembly
Native extension for WindowsStandalone target not found
Native extension for WebGL target not found
Refreshing native plugins compatible for Editor in 0.30 ms, found 0 plugins.
Preloading 0 native plugins for Editor in 0.00 ms.
Invoked RoslynAnalysisRunner static constructor.
RoslynAnalysisRunner will not be running.
RoslynAnalysisRunner has terminated.
Mono: successfully reloaded assembly
- Completed reload, in  0.771 seconds
Platform modules already initialized, skipping
Refreshing native plugins compatible for Editor in 0.69 ms, found 0 plugins.
Preloading 0 native plugins for Editor in 0.00 ms.
Unloading 1538 Unused Serialized files (Serialized files now loaded: 0)
System memory in use before: 77.1 MB.
System memory in use after: 77.2 MB.

Unloading 6 unused Assets to reduce memory usage. Loaded Objects now: 2025.
Total: 1.602100 ms (FindLiveObjects: 0.172300 ms CreateObjectMapping: 0.046900 ms MarkObjects: 1.347200 ms  DeleteObjects: 0.034400 ms)

========================================================================
Received Prepare
Registering precompiled user dll's ...
Registered in 0.000507 seconds.
Begin MonoManager ReloadAssembly
Native extension for WindowsStandalone target not found
Native extension for WebGL target not found
Refreshing native plugins compatible for Editor in 0.23 ms, found 0 plugins.
Preloading 0 native plugins for Editor in 0.00 ms.
Invoked RoslynAnalysisRunner static constructor.
RoslynAnalysisRunner will not be running.
RoslynAnalysisRunner has terminated.
Mono: successfully reloaded assembly
- Completed reload, in  0.754 seconds
Platform modules already initialized, skipping
Refreshing native plugins compatible for Editor in 0.23 ms, found 0 plugins.
Preloading 0 native plugins for Editor in 0.00 ms.
Unloading 1538 Unused Serialized files (Serialized files now loaded: 0)
System memory in use before: 77.4 MB.
System memory in use after: 77.5 MB.

Unloading 6 unused Assets to reduce memory usage. Loaded Objects now: 2027.
Total: 1.657300 ms (FindLiveObjects: 0.139600 ms CreateObjectMapping: 0.042300 ms MarkObjects: 1.439700 ms  DeleteObjects: 0.034700 ms)

========================================================================
Received Import Request.
  Time since last request: 550.898238 seconds.
  path: Assets/OpenSceneScript.cs
  artifactKey: Guid(0e25aad621547324784e4d012f0d2d2f) Importer(815301076,1909f56bfc062723c751e8b465ee728b)
Start importing Assets/OpenSceneScript.cs using Guid(0e25aad621547324784e4d012f0d2d2f) Importer(815301076,1909f56bfc062723c751e8b465ee728b)  -> (artifact id: 'bf4a603dc7724e24e0aa133d52c2ae43') in 0.009664 seconds
  Import took 0.012047 seconds .

========================================================================
Received Import Request.
  Time since last request: 0.002221 seconds.
  path: Assets/OpenSceneScript.cs
  artifactKey: Guid(0e25aad621547324784e4d012f0d2d2f) Importer(815301076,1909f56bfc062723c751e8b465ee728b)
Start importing Assets/OpenSceneScript.cs using Guid(0e25aad621547324784e4d012f0d2d2f) Importer(815301076,1909f56bfc062723c751e8b465ee728b)  -> (artifact id: 'bf4a603dc7724e24e0aa133d52c2ae43') in 0.007691 seconds
  Import took 0.010107 seconds .

========================================================================
Received Import Request.
  Time since last request: 13.936408 seconds.
  path: Assets/Scenes/SampleScene.unity
  artifactKey: Guid(9fc0d4010bbf28b4594072e72b8655ab) Importer(815301076,1909f56bfc062723c751e8b465ee728b)
Start importing Assets/Scenes/SampleScene.unity using Guid(9fc0d4010bbf28b4594072e72b8655ab) Importer(815301076,1909f56bfc062723c751e8b465ee728b)  -> (artifact id: '294f5a562fe6a9bfa661681f5c65b581') in 0.013498 seconds
  Import took 0.015923 seconds .

========================================================================
Received Import Request.
  Time since last request: 13.057604 seconds.
  path: Assets/Scenes/Game.unity
  artifactKey: Guid(9fc0d4010bbf28b4594072e72b8655ab) Importer(815301076,1909f56bfc062723c751e8b465ee728b)
Start importing Assets/Scenes/Game.unity using Guid(9fc0d4010bbf28b4594072e72b8655ab) Importer(815301076,1909f56bfc062723c751e8b465ee728b)  -> (artifact id: '9028b48c14bf7eb8127b1238b46c97d7') in 0.012152 seconds
  Import took 0.014606 seconds .

========================================================================
Received Import Request.
  Time since last request: 2.510353 seconds.
  path: Assets/Scenes/MainMenu.unity
  artifactKey: Guid(f361493087069674d99052f7bea60a9d) Importer(815301076,1909f56bfc062723c751e8b465ee728b)
Start importing Assets/Scenes/MainMenu.unity using Guid(f361493087069674d99052f7bea60a9d) Importer(815301076,1909f56bfc062723c751e8b465ee728b)  -> (artifact id: '2d0bb01ab35ac047a2e2ba12807e7bd5') in 0.007673 seconds
  Import took 0.010012 seconds .

========================================================================
Received Prepare
Registering precompiled user dll's ...
Registered in 0.000548 seconds.
Begin MonoManager ReloadAssembly
Native extension for WindowsStandalone target not found
Native extension for WebGL target not found
Refreshing native plugins compatible for Editor in 0.23 ms, found 0 plugins.
Preloading 0 native plugins for Editor in 0.00 ms.
Invoked RoslynAnalysisRunner static constructor.
RoslynAnalysisRunner will not be running.
RoslynAnalysisRunner has terminated.
Mono: successfully reloaded assembly
- Completed reload, in  0.755 seconds
Platform modules already initialized, skipping
Refreshing native plugins compatible for Editor in 0.22 ms, found 0 plugins.
Preloading 0 native plugins for Editor in 0.00 ms.
Unloading 1538 Unused Serialized files (Serialized files now loaded: 0)
System memory in use before: 77.7 MB.
System memory in use after: 77.8 MB.

Unloading 6 unused Assets to reduce memory usage. Loaded Objects now: 2029.
Total: 1.837300 ms (FindLiveObjects: 0.133400 ms CreateObjectMapping: 0.042100 ms MarkObjects: 1.624600 ms  DeleteObjects: 0.036300 ms)

========================================================================
Received Import Request.
  Time since last request: 212.563333 seconds.
  path: Assets/Scenes/Credits.unity
  artifactKey: Guid(1e89f67a92c943e4caecc3c87f5a99b9) Importer(815301076,1909f56bfc062723c751e8b465ee728b)
Start importing Assets/Scenes/Credits.unity using Guid(1e89f67a92c943e4caecc3c87f5a99b9) Importer(815301076,1909f56bfc062723c751e8b465ee728b)  -> (artifact id: 'e0eff60411b03cbf3eb498f14d4f57b0') in 0.016642 seconds
  Import took 0.018939 seconds .

========================================================================
Received Import Request.
  Time since last request: 70.610452 seconds.
  path: Assets/Scenes/Instructions.unity
  artifactKey: Guid(50fb389e9cc443b40af92716957e6a76) Importer(815301076,1909f56bfc062723c751e8b465ee728b)
Start importing Assets/Scenes/Instructions.unity using Guid(50fb389e9cc443b40af92716957e6a76) Importer(815301076,1909f56bfc062723c751e8b465ee728b)  -> (artifact id: '3e08e577d7f9ab6878b599a6cd98010d') in 0.168773 seconds
  Import took 0.171006 seconds .

========================================================================
Received Import Request.
  Time since last request: 124.870738 seconds.
  path: Assets/Scenes/Instructions.unity
  artifactKey: Guid(50fb389e9cc443b40af92716957e6a76) Importer(815301076,1909f56bfc062723c751e8b465ee728b)
Start importing Assets/Scenes/Instructions.unity using Guid(50fb389e9cc443b40af92716957e6a76) Importer(815301076,1909f56bfc062723c751e8b465ee728b)  -> (artifact id: '70ef9e1379d1d7954c34b7e5ac636284') in 0.007740 seconds
  Import took 0.010054 seconds .

========================================================================
Received Import Request.
  Time since last request: 2.454132 seconds.
  path: Assets/Scenes/Credits.unity
  artifactKey: Guid(1e89f67a92c943e4caecc3c87f5a99b9) Importer(815301076,1909f56bfc062723c751e8b465ee728b)
Start importing Assets/Scenes/Credits.unity using Guid(1e89f67a92c943e4caecc3c87f5a99b9) Importer(815301076,1909f56bfc062723c751e8b465ee728b)  -> (artifact id: 'dda500c774263496ccb621ffc8b034b8') in 0.007624 seconds
  Import took 0.010037 seconds .

========================================================================
Received Import Request.
  Time since last request: 1.169386 seconds.
  path: Assets/Scenes/MainMenu.unity
  artifactKey: Guid(f361493087069674d99052f7bea60a9d) Importer(815301076,1909f56bfc062723c751e8b465ee728b)
Start importing Assets/Scenes/MainMenu.unity using Guid(f361493087069674d99052f7bea60a9d) Importer(815301076,1909f56bfc062723c751e8b465ee728b)  -> (artifact id: '538140f14035161b7e006d689c30c6e0') in 0.007896 seconds
  Import took 0.010196 seconds .

========================================================================
Received Prepare
Registering precompiled user dll's ...
Registered in 0.000633 seconds.
Begin MonoManager ReloadAssembly
Native extension for WindowsStandalone target not found
Native extension for WebGL target not found
Refreshing native plugins compatible for Editor in 0.22 ms, found 0 plugins.
Preloading 0 native plugins for Editor in 0.00 ms.
Invoked RoslynAnalysisRunner static constructor.
RoslynAnalysisRunner will not be running.
RoslynAnalysisRunner has terminated.
Mono: successfully reloaded assembly
- Completed reload, in  0.830 seconds
Platform modules already initialized, skipping
Refreshing native plugins compatible for Editor in 0.25 ms, found 0 plugins.
Preloading 0 native plugins for Editor in 0.00 ms.
Unloading 1539 Unused Serialized files (Serialized files now loaded: 0)
System memory in use before: 77.9 MB.
System memory in use after: 78.0 MB.

Unloading 6 unused Assets to reduce memory usage. Loaded Objects now: 2032.
Total: 1.810900 ms (FindLiveObjects: 0.203300 ms CreateObjectMapping: 0.044300 ms MarkObjects: 1.522200 ms  DeleteObjects: 0.040000 ms)

========================================================================
Received Prepare
Registering precompiled user dll's ...
Registered in 0.000501 seconds.
Begin MonoManager ReloadAssembly
Native extension for WindowsStandalone target not found
Native extension for WebGL target not found
Refreshing native plugins compatible for Editor in 0.23 ms, found 0 plugins.
Preloading 0 native plugins for Editor in 0.00 ms.
Invoked RoslynAnalysisRunner static constructor.
RoslynAnalysisRunner will not be running.
RoslynAnalysisRunner has terminated.
Mono: successfully reloaded assembly
- Completed reload, in  0.761 seconds
Platform modules already initialized, skipping
Refreshing native plugins compatible for Editor in 0.23 ms, found 0 plugins.
Preloading 0 native plugins for Editor in 0.00 ms.
Unloading 1539 Unused Serialized files (Serialized files now loaded: 0)
System memory in use before: 77.4 MB.
System memory in use after: 77.5 MB.

Unloading 6 unused Assets to reduce memory usage. Loaded Objects now: 2034.
Total: 1.598900 ms (FindLiveObjects: 0.128900 ms CreateObjectMapping: 0.039200 ms MarkObjects: 1.394800 ms  DeleteObjects: 0.035300 ms)

========================================================================
Received Prepare
Registering precompiled user dll's ...
Registered in 0.000594 seconds.
Begin MonoManager ReloadAssembly
Native extension for WindowsStandalone target not found
Native extension for WebGL target not found
Refreshing native plugins compatible for Editor in 0.23 ms, found 0 plugins.
Preloading 0 native plugins for Editor in 0.00 ms.
Invoked RoslynAnalysisRunner static constructor.
RoslynAnalysisRunner will not be running.
RoslynAnalysisRunner has terminated.
Mono: successfully reloaded assembly
- Completed reload, in  0.736 seconds
Platform modules already initialized, skipping
Refreshing native plugins compatible for Editor in 0.22 ms, found 0 plugins.
Preloading 0 native plugins for Editor in 0.00 ms.
Unloading 1539 Unused Serialized files (Serialized files now loaded: 0)
System memory in use before: 77.7 MB.
System memory in use after: 77.8 MB.

Unloading 6 unused Assets to reduce memory usage. Loaded Objects now: 2036.
Total: 1.597000 ms (FindLiveObjects: 0.125600 ms CreateObjectMapping: 0.039900 ms MarkObjects: 1.397400 ms  DeleteObjects: 0.033400 ms)

========================================================================
Received Prepare
Registering precompiled user dll's ...
Registered in 0.000538 seconds.
Begin MonoManager ReloadAssembly
Native extension for WindowsStandalone target not found
Native extension for WebGL target not found
Refreshing native plugins compatible for Editor in 0.22 ms, found 0 plugins.
Preloading 0 native plugins for Editor in 0.00 ms.
Invoked RoslynAnalysisRunner static constructor.
RoslynAnalysisRunner will not be running.
RoslynAnalysisRunner has terminated.
Mono: successfully reloaded assembly
- Completed reload, in  0.755 seconds
Platform modules already initialized, skipping
Refreshing native plugins compatible for Editor in 0.24 ms, found 0 plugins.
Preloading 0 native plugins for Editor in 0.00 ms.
Unloading 1539 Unused Serialized files (Serialized files now loaded: 0)
System memory in use before: 77.9 MB.
System memory in use after: 78.0 MB.

Unloading 6 unused Assets to reduce memory usage. Loaded Objects now: 2038.
Total: 1.641500 ms (FindLiveObjects: 0.154600 ms CreateObjectMapping: 0.050600 ms MarkObjects: 1.386000 ms  DeleteObjects: 0.049100 ms)

========================================================================
Received Prepare
Registering precompiled user dll's ...
Registered in 0.000668 seconds.
Begin MonoManager ReloadAssembly
Native extension for WindowsStandalone target not found
Native extension for WebGL target not found
Refreshing native plugins compatible for Editor in 0.23 ms, found 0 plugins.
Preloading 0 native plugins for Editor in 0.00 ms.
Invoked RoslynAnalysisRunner static constructor.
RoslynAnalysisRunner will not be running.
RoslynAnalysisRunner has terminated.
Mono: successfully reloaded assembly
- Completed reload, in  0.751 seconds
Platform modules already initialized, skipping
Refreshing native plugins compatible for Editor in 0.24 ms, found 0 plugins.
Preloading 0 native plugins for Editor in 0.00 ms.
Unloading 1539 Unused Serialized files (Serialized files now loaded: 0)
System memory in use before: 77.3 MB.
System memory in use after: 77.4 MB.

Unloading 6 unused Assets to reduce memory usage. Loaded Objects now: 2040.
Total: 1.466200 ms (FindLiveObjects: 0.128300 ms CreateObjectMapping: 0.038400 ms MarkObjects: 1.264700 ms  DeleteObjects: 0.034200 ms)

========================================================================
Received Import Request.
  Time since last request: 346.129058 seconds.
  path: Assets/Input/PlayerActionMap.cs
  artifactKey: Guid(6976ed233da19924aafe84291b58917e) Importer(815301076,1909f56bfc062723c751e8b465ee728b)
Start importing Assets/Input/PlayerActionMap.cs using Guid(6976ed233da19924aafe84291b58917e) Importer(815301076,1909f56bfc062723c751e8b465ee728b)  -> (artifact id: 'ade02d94370b5b31a41446938de01754') in 0.008667 seconds
  Import took 0.011092 seconds .

========================================================================
Received Import Request.
  Time since last request: 53.834858 seconds.
  path: Assets/Input/PlayerActionMap.inputactions
  artifactKey: Guid(039e7b13b7e5942479f68987b7af74c0) Importer(815301076,1909f56bfc062723c751e8b465ee728b)
Start importing Assets/Input/PlayerActionMap.inputactions using Guid(039e7b13b7e5942479f68987b7af74c0) Importer(815301076,1909f56bfc062723c751e8b465ee728b)  -> (artifact id: '6e42aab24a229b5a4438abf66f267316') in 0.026280 seconds
  Import took 0.028653 seconds .

========================================================================
Received Prepare
Registering precompiled user dll's ...
Registered in 0.000710 seconds.
Begin MonoManager ReloadAssembly
Native extension for WindowsStandalone target not found
Native extension for WebGL target not found
Refreshing native plugins compatible for Editor in 0.27 ms, found 0 plugins.
Preloading 0 native plugins for Editor in 0.00 ms.
Invoked RoslynAnalysisRunner static constructor.
RoslynAnalysisRunner will not be running.
RoslynAnalysisRunner has terminated.
Mono: successfully reloaded assembly
- Completed reload, in  0.784 seconds
Platform modules already initialized, skipping
Refreshing native plugins compatible for Editor in 0.22 ms, found 0 plugins.
Preloading 0 native plugins for Editor in 0.00 ms.
Unloading 1539 Unused Serialized files (Serialized files now loaded: 0)
System memory in use before: 77.6 MB.
System memory in use after: 77.7 MB.

Unloading 6 unused Assets to reduce memory usage. Loaded Objects now: 2042.
Total: 1.542900 ms (FindLiveObjects: 0.141000 ms CreateObjectMapping: 0.048300 ms MarkObjects: 1.313400 ms  DeleteObjects: 0.039200 ms)

========================================================================
Received Prepare
Registering precompiled user dll's ...
Registered in 0.000526 seconds.
Begin MonoManager ReloadAssembly
Native extension for WindowsStandalone target not found
Native extension for WebGL target not found
Refreshing native plugins compatible for Editor in 0.23 ms, found 0 plugins.
Preloading 0 native plugins for Editor in 0.00 ms.
Invoked RoslynAnalysisRunner static constructor.
RoslynAnalysisRunner will not be running.
RoslynAnalysisRunner has terminated.
Mono: successfully reloaded assembly
- Completed reload, in  0.738 seconds
Platform modules already initialized, skipping
Refreshing native plugins compatible for Editor in 0.23 ms, found 0 plugins.
Preloading 0 native plugins for Editor in 0.00 ms.
Unloading 1540 Unused Serialized files (Serialized files now loaded: 0)
System memory in use before: 77.9 MB.
System memory in use after: 78.0 MB.

Unloading 6 unused Assets to reduce memory usage. Loaded Objects now: 2045.
Total: 1.734400 ms (FindLiveObjects: 0.186400 ms CreateObjectMapping: 0.061500 ms MarkObjects: 1.440400 ms  DeleteObjects: 0.045000 ms)

========================================================================
Received Import Request.
  Time since last request: 104.843860 seconds.
  path: Assets/AudioScript.cs
  artifactKey: Guid(8927338406814b14da9e2141212c3121) Importer(815301076,1909f56bfc062723c751e8b465ee728b)
Start importing Assets/AudioScript.cs using Guid(8927338406814b14da9e2141212c3121) Importer(815301076,1909f56bfc062723c751e8b465ee728b)  -> (artifact id: 'e1a563614b8bd8909f9f1bd8418527f0') in 0.009406 seconds
  Import took 0.012423 seconds .

========================================================================
Received Prepare
Registering precompiled user dll's ...
Registered in 0.000659 seconds.
Begin MonoManager ReloadAssembly
Native extension for WindowsStandalone target not found
Native extension for WebGL target not found
Refreshing native plugins compatible for Editor in 0.23 ms, found 0 plugins.
Preloading 0 native plugins for Editor in 0.00 ms.
Invoked RoslynAnalysisRunner static constructor.
RoslynAnalysisRunner will not be running.
RoslynAnalysisRunner has terminated.
Mono: successfully reloaded assembly
- Completed reload, in  0.744 seconds
Platform modules already initialized, skipping
Refreshing native plugins compatible for Editor in 0.26 ms, found 0 plugins.
Preloading 0 native plugins for Editor in 0.00 ms.
Unloading 1540 Unused Serialized files (Serialized files now loaded: 0)
System memory in use before: 77.9 MB.
System memory in use after: 78.0 MB.

Unloading 6 unused Assets to reduce memory usage. Loaded Objects now: 2047.
Total: 1.484300 ms (FindLiveObjects: 0.131500 ms CreateObjectMapping: 0.040300 ms MarkObjects: 1.277900 ms  DeleteObjects: 0.033900 ms)

========================================================================
Received Import Request.
  Time since last request: 312.654855 seconds.
  path: Assets/Scripts/MassTransfer.cs
  artifactKey: Guid(a1b0631117947724ab8b70fb66f9895b) Importer(815301076,1909f56bfc062723c751e8b465ee728b)
Start importing Assets/Scripts/MassTransfer.cs using Guid(a1b0631117947724ab8b70fb66f9895b) Importer(815301076,1909f56bfc062723c751e8b465ee728b)  -> (artifact id: '4c9e060d4c075659ab40d3f62852e205') in 0.010589 seconds
  Import took 0.013029 seconds .

========================================================================
Received Prepare
Registering precompiled user dll's ...
Registered in 0.000560 seconds.
Begin MonoManager ReloadAssembly
Native extension for WindowsStandalone target not found
Native extension for WebGL target not found
Refreshing native plugins compatible for Editor in 0.23 ms, found 0 plugins.
Preloading 0 native plugins for Editor in 0.00 ms.
Invoked RoslynAnalysisRunner static constructor.
RoslynAnalysisRunner will not be running.
RoslynAnalysisRunner has terminated.
Mono: successfully reloaded assembly
- Completed reload, in  0.751 seconds
Platform modules already initialized, skipping
Refreshing native plugins compatible for Editor in 0.23 ms, found 0 plugins.
Preloading 0 native plugins for Editor in 0.00 ms.
Unloading 1540 Unused Serialized files (Serialized files now loaded: 0)
System memory in use before: 77.5 MB.
System memory in use after: 77.6 MB.

Unloading 6 unused Assets to reduce memory usage. Loaded Objects now: 2049.
Total: 1.674600 ms (FindLiveObjects: 0.148200 ms CreateObjectMapping: 0.044400 ms MarkObjects: 1.441700 ms  DeleteObjects: 0.039200 ms)

========================================================================
Received Import Request.
  Time since last request: 42.945825 seconds.
  path: Assets/Scripts/MassTransfer.cs
  artifactKey: Guid(a1b0631117947724ab8b70fb66f9895b) Importer(815301076,1909f56bfc062723c751e8b465ee728b)
Start importing Assets/Scripts/MassTransfer.cs using Guid(a1b0631117947724ab8b70fb66f9895b) Importer(815301076,1909f56bfc062723c751e8b465ee728b)  -> (artifact id: '67b683b14c1bcbd37135bfc9ac500dca') in 0.008513 seconds
  Import took 0.010738 seconds .

========================================================================
Received Prepare
Registering precompiled user dll's ...
Registered in 0.000535 seconds.
Begin MonoManager ReloadAssembly
Native extension for WindowsStandalone target not found
Native extension for WebGL target not found
Refreshing native plugins compatible for Editor in 0.23 ms, found 0 plugins.
Preloading 0 native plugins for Editor in 0.00 ms.
Invoked RoslynAnalysisRunner static constructor.
RoslynAnalysisRunner will not be running.
RoslynAnalysisRunner has terminated.
Mono: successfully reloaded assembly
- Completed reload, in  0.769 seconds
Platform modules already initialized, skipping
Refreshing native plugins compatible for Editor in 0.25 ms, found 0 plugins.
Preloading 0 native plugins for Editor in 0.00 ms.
Unloading 1540 Unused Serialized files (Serialized files now loaded: 0)
System memory in use before: 77.8 MB.
System memory in use after: 77.9 MB.

Unloading 6 unused Assets to reduce memory usage. Loaded Objects now: 2051.
Total: 1.612600 ms (FindLiveObjects: 0.179500 ms CreateObjectMapping: 0.044200 ms MarkObjects: 1.352100 ms  DeleteObjects: 0.035900 ms)

========================================================================
Received Import Request.
  Time since last request: 84.821434 seconds.
  path: Assets/Scenes/MainMenu.unity
  artifactKey: Guid(f361493087069674d99052f7bea60a9d) Importer(815301076,1909f56bfc062723c751e8b465ee728b)
Start importing Assets/Scenes/MainMenu.unity using Guid(f361493087069674d99052f7bea60a9d) Importer(815301076,1909f56bfc062723c751e8b465ee728b)  -> (artifact id: 'eca771eea7234adfc26593e96d0541a0') in 0.046498 seconds
  Import took 0.048879 seconds .

========================================================================
Received Import Request.
  Time since last request: 10.940885 seconds.
  path: Assets/Scenes/Game.unity
  artifactKey: Guid(9fc0d4010bbf28b4594072e72b8655ab) Importer(815301076,1909f56bfc062723c751e8b465ee728b)
Start importing Assets/Scenes/Game.unity using Guid(9fc0d4010bbf28b4594072e72b8655ab) Importer(815301076,1909f56bfc062723c751e8b465ee728b)  -> (artifact id: '53fa67e75e7bb0c0e3c129069f07ec8e') in 0.007478 seconds
  Import took 0.009872 seconds .

========================================================================
Received Prepare
Registering precompiled user dll's ...
Registered in 0.000782 seconds.
Begin MonoManager ReloadAssembly
Native extension for WindowsStandalone target not found
Native extension for WebGL target not found
Refreshing native plugins compatible for Editor in 0.24 ms, found 0 plugins.
Preloading 0 native plugins for Editor in 0.00 ms.
Invoked RoslynAnalysisRunner static constructor.
RoslynAnalysisRunner will not be running.
RoslynAnalysisRunner has terminated.
Mono: successfully reloaded assembly
- Completed reload, in  0.817 seconds
Platform modules already initialized, skipping
Refreshing native plugins compatible for Editor in 0.23 ms, found 0 plugins.
Preloading 0 native plugins for Editor in 0.00 ms.
Unloading 1541 Unused Serialized files (Serialized files now loaded: 0)
System memory in use before: 78.0 MB.
System memory in use after: 78.1 MB.

Unloading 6 unused Assets to reduce memory usage. Loaded Objects now: 2054.
Total: 2.376700 ms (FindLiveObjects: 0.265100 ms CreateObjectMapping: 0.110900 ms MarkObjects: 1.905300 ms  DeleteObjects: 0.093300 ms)

========================================================================
Received Prepare
Registering precompiled user dll's ...
Registered in 0.000483 seconds.
Begin MonoManager ReloadAssembly
Native extension for WindowsStandalone target not found
Native extension for WebGL target not found
Refreshing native plugins compatible for Editor in 0.23 ms, found 0 plugins.
Preloading 0 native plugins for Editor in 0.00 ms.
Invoked RoslynAnalysisRunner static constructor.
RoslynAnalysisRunner will not be running.
RoslynAnalysisRunner has terminated.
Mono: successfully reloaded assembly
- Completed reload, in  0.763 seconds
Platform modules already initialized, skipping
Refreshing native plugins compatible for Editor in 0.22 ms, found 0 plugins.
Preloading 0 native plugins for Editor in 0.00 ms.
Unloading 1541 Unused Serialized files (Serialized files now loaded: 0)
System memory in use before: 77.4 MB.
System memory in use after: 77.5 MB.

Unloading 6 unused Assets to reduce memory usage. Loaded Objects now: 2056.
Total: 1.660800 ms (FindLiveObjects: 0.146400 ms CreateObjectMapping: 0.048700 ms MarkObjects: 1.427900 ms  DeleteObjects: 0.037000 ms)

========================================================================
Received Prepare
Registering precompiled user dll's ...
Registered in 0.000642 seconds.
Begin MonoManager ReloadAssembly
Native extension for WindowsStandalone target not found
Native extension for WebGL target not found
Refreshing native plugins compatible for Editor in 0.22 ms, found 0 plugins.
Preloading 0 native plugins for Editor in 0.00 ms.
Invoked RoslynAnalysisRunner static constructor.
RoslynAnalysisRunner will not be running.
RoslynAnalysisRunner has terminated.
Mono: successfully reloaded assembly
- Completed reload, in  0.763 seconds
Platform modules already initialized, skipping
Refreshing native plugins compatible for Editor in 0.23 ms, found 0 plugins.
Preloading 0 native plugins for Editor in 0.00 ms.
Unloading 1541 Unused Serialized files (Serialized files now loaded: 0)
System memory in use before: 77.7 MB.
System memory in use after: 77.8 MB.

Unloading 6 unused Assets to reduce memory usage. Loaded Objects now: 2058.
Total: 1.615100 ms (FindLiveObjects: 0.128000 ms CreateObjectMapping: 0.041200 ms MarkObjects: 1.410900 ms  DeleteObjects: 0.034400 ms)

========================================================================
Received Import Request.
  Time since last request: 207.607478 seconds.
  path: Assets/PauseScript.cs
  artifactKey: Guid(36eea77b27b74bf4fac8e5e6dbd40663) Importer(815301076,1909f56bfc062723c751e8b465ee728b)
Start importing Assets/PauseScript.cs using Guid(36eea77b27b74bf4fac8e5e6dbd40663) Importer(815301076,1909f56bfc062723c751e8b465ee728b)  -> (artifact id: 'a202580b009f8ef66fe281b1f7d0323f') in 0.013214 seconds
  Import took 0.015643 seconds .

========================================================================
Received Import Request.
  Time since last request: 67.638513 seconds.
  path: Assets/Scenes/Game.unity
  artifactKey: Guid(9fc0d4010bbf28b4594072e72b8655ab) Importer(815301076,1909f56bfc062723c751e8b465ee728b)
Start importing Assets/Scenes/Game.unity using Guid(9fc0d4010bbf28b4594072e72b8655ab) Importer(815301076,1909f56bfc062723c751e8b465ee728b)  -> (artifact id: 'a17845ca7b2ce49ad3fd2b04c0df4aea') in 0.015931 seconds
  Import took 0.018326 seconds .

========================================================================
Received Prepare
Registering precompiled user dll's ...
Registered in 0.000552 seconds.
Begin MonoManager ReloadAssembly
Native extension for WindowsStandalone target not found
Native extension for WebGL target not found
Refreshing native plugins compatible for Editor in 0.23 ms, found 0 plugins.
Preloading 0 native plugins for Editor in 0.00 ms.
Invoked RoslynAnalysisRunner static constructor.
RoslynAnalysisRunner will not be running.
RoslynAnalysisRunner has terminated.
Mono: successfully reloaded assembly
- Completed reload, in  0.785 seconds
Platform modules already initialized, skipping
Refreshing native plugins compatible for Editor in 0.23 ms, found 0 plugins.
Preloading 0 native plugins for Editor in 0.00 ms.
Unloading 1541 Unused Serialized files (Serialized files now loaded: 0)
System memory in use before: 78.0 MB.
System memory in use after: 78.1 MB.

Unloading 6 unused Assets to reduce memory usage. Loaded Objects now: 2060.
Total: 1.615900 ms (FindLiveObjects: 0.124900 ms CreateObjectMapping: 0.038000 ms MarkObjects: 1.417400 ms  DeleteObjects: 0.034900 ms)

========================================================================
Received Prepare
Registering precompiled user dll's ...
Registered in 0.000714 seconds.
Begin MonoManager ReloadAssembly
Native extension for WindowsStandalone target not found
Native extension for WebGL target not found
Refreshing native plugins compatible for Editor in 0.23 ms, found 0 plugins.
Preloading 0 native plugins for Editor in 0.00 ms.
Invoked RoslynAnalysisRunner static constructor.
RoslynAnalysisRunner will not be running.
RoslynAnalysisRunner has terminated.
Mono: successfully reloaded assembly
- Completed reload, in  0.817 seconds
Platform modules already initialized, skipping
Refreshing native plugins compatible for Editor in 0.29 ms, found 0 plugins.
Preloading 0 native plugins for Editor in 0.00 ms.
Unloading 1541 Unused Serialized files (Serialized files now loaded: 0)
System memory in use before: 77.3 MB.
System memory in use after: 77.4 MB.

Unloading 6 unused Assets to reduce memory usage. Loaded Objects now: 2062.
Total: 3.281800 ms (FindLiveObjects: 0.416500 ms CreateObjectMapping: 0.389200 ms MarkObjects: 2.427100 ms  DeleteObjects: 0.047700 ms)

========================================================================
Received Import Request.
  Time since last request: 503.491935 seconds.
  path: Assets/Scenes/Game.unity
  artifactKey: Guid(9fc0d4010bbf28b4594072e72b8655ab) Importer(815301076,1909f56bfc062723c751e8b465ee728b)
Start importing Assets/Scenes/Game.unity using Guid(9fc0d4010bbf28b4594072e72b8655ab) Importer(815301076,1909f56bfc062723c751e8b465ee728b)  -> (artifact id: '1f448ecc301a5eaddd08550799b73cb7') in 0.046400 seconds
  Import took 0.049210 seconds .

========================================================================
Received Prepare
Registering precompiled user dll's ...
Registered in 0.000695 seconds.
Begin MonoManager ReloadAssembly
Native extension for WindowsStandalone target not found
Native extension for WebGL target not found
Refreshing native plugins compatible for Editor in 0.24 ms, found 0 plugins.
Preloading 0 native plugins for Editor in 0.00 ms.
Invoked RoslynAnalysisRunner static constructor.
RoslynAnalysisRunner will not be running.
RoslynAnalysisRunner has terminated.
Mono: successfully reloaded assembly
- Completed reload, in  0.867 seconds
Platform modules already initialized, skipping
Refreshing native plugins compatible for Editor in 0.26 ms, found 0 plugins.
Preloading 0 native plugins for Editor in 0.00 ms.
Unloading 1541 Unused Serialized files (Serialized files now loaded: 0)
System memory in use before: 77.6 MB.
System memory in use after: 77.7 MB.

Unloading 6 unused Assets to reduce memory usage. Loaded Objects now: 2064.
Total: 2.297900 ms (FindLiveObjects: 0.219500 ms CreateObjectMapping: 0.120600 ms MarkObjects: 1.916500 ms  DeleteObjects: 0.040200 ms)

========================================================================
Received Import Request.
  Time since last request: 493.028882 seconds.
  path: Assets/Scripts/MassTransfer.cs
  artifactKey: Guid(a1b0631117947724ab8b70fb66f9895b) Importer(815301076,1909f56bfc062723c751e8b465ee728b)
Start importing Assets/Scripts/MassTransfer.cs using Guid(a1b0631117947724ab8b70fb66f9895b) Importer(815301076,1909f56bfc062723c751e8b465ee728b)  -> (artifact id: '918413c86b2b90ca71ba3bace3865f09') in 0.010969 seconds
  Import took 0.014321 seconds .

========================================================================
Received Import Request.
  Time since last request: 0.003125 seconds.
  path: Assets/Scripts/MassTransfer.cs
  artifactKey: Guid(a1b0631117947724ab8b70fb66f9895b) Importer(815301076,1909f56bfc062723c751e8b465ee728b)
Start importing Assets/Scripts/MassTransfer.cs using Guid(a1b0631117947724ab8b70fb66f9895b) Importer(815301076,1909f56bfc062723c751e8b465ee728b)  -> (artifact id: '918413c86b2b90ca71ba3bace3865f09') in 0.007650 seconds
  Import took 0.010576 seconds .

========================================================================
Received Prepare
Registering precompiled user dll's ...
Registered in 0.000560 seconds.
Begin MonoManager ReloadAssembly
Native extension for WindowsStandalone target not found
Native extension for WebGL target not found
Refreshing native plugins compatible for Editor in 0.22 ms, found 0 plugins.
Preloading 0 native plugins for Editor in 0.00 ms.
Invoked RoslynAnalysisRunner static constructor.
RoslynAnalysisRunner will not be running.
RoslynAnalysisRunner has terminated.
Mono: successfully reloaded assembly
- Completed reload, in  0.817 seconds
Platform modules already initialized, skipping
Refreshing native plugins compatible for Editor in 0.25 ms, found 0 plugins.
Preloading 0 native plugins for Editor in 0.00 ms.
Unloading 1541 Unused Serialized files (Serialized files now loaded: 0)
System memory in use before: 77.9 MB.
System memory in use after: 78.0 MB.

Unloading 6 unused Assets to reduce memory usage. Loaded Objects now: 2066.
Total: 2.081000 ms (FindLiveObjects: 0.180100 ms CreateObjectMapping: 0.059800 ms MarkObjects: 1.796600 ms  DeleteObjects: 0.042500 ms)

========================================================================
Received Import Request.
  Time since last request: 23.478130 seconds.
  path: Assets/Scripts/MassTransfer.cs
  artifactKey: Guid(a1b0631117947724ab8b70fb66f9895b) Importer(815301076,1909f56bfc062723c751e8b465ee728b)
Start importing Assets/Scripts/MassTransfer.cs using Guid(a1b0631117947724ab8b70fb66f9895b) Importer(815301076,1909f56bfc062723c751e8b465ee728b)  -> (artifact id: '6dc0b9fdc2208c687b6f43e32694bf20') in 0.009645 seconds
  Import took 0.012123 seconds .

========================================================================
Received Import Request.
  Time since last request: 1167.112253 seconds.
  path: Assets/Materials/Elevator.anim
  artifactKey: Guid(8b50c30bc3d0a204d9e174f3ccad01da) Importer(815301076,1909f56bfc062723c751e8b465ee728b)
Start importing Assets/Materials/Elevator.anim using Guid(8b50c30bc3d0a204d9e174f3ccad01da) Importer(815301076,1909f56bfc062723c751e8b465ee728b)  -> (artifact id: '9387b2c5b66763e8befd8d39ced4fe0e') in 0.019558 seconds
  Import took 0.022097 seconds .

========================================================================
Received Import Request.
  Time since last request: 0.001871 seconds.
  path: Assets/Materials/Elevator.anim
  artifactKey: Guid(8b50c30bc3d0a204d9e174f3ccad01da) Importer(815301076,1909f56bfc062723c751e8b465ee728b)
Start importing Assets/Materials/Elevator.anim using Guid(8b50c30bc3d0a204d9e174f3ccad01da) Importer(815301076,1909f56bfc062723c751e8b465ee728b)  -> (artifact id: '9387b2c5b66763e8befd8d39ced4fe0e') in 0.007853 seconds
  Import took 0.010684 seconds .

========================================================================
Received Import Request.
  Time since last request: 4.173199 seconds.
  path: Assets/Materials/Elevator.anim
  artifactKey: Guid(8b50c30bc3d0a204d9e174f3ccad01da) Importer(815301076,1909f56bfc062723c751e8b465ee728b)
Start importing Assets/Materials/Elevator.anim using Guid(8b50c30bc3d0a204d9e174f3ccad01da) Importer(815301076,1909f56bfc062723c751e8b465ee728b)  -> (artifact id: 'c869ef9d0f84bda98fc33968ba871fb0') in 0.009092 seconds
  Import took 0.011662 seconds .

========================================================================
Received Import Request.
  Time since last request: 0.670663 seconds.
  path: Assets/Materials/Elevator.controller
  artifactKey: Guid(b4fc60600e11c394d95ea2011290f8ca) Importer(815301076,1909f56bfc062723c751e8b465ee728b)
Start importing Assets/Materials/Elevator.controller using Guid(b4fc60600e11c394d95ea2011290f8ca) Importer(815301076,1909f56bfc062723c751e8b465ee728b)  -> (artifact id: '51159591961ff7ae216c1e05f2f97841') in 0.012771 seconds
  Import took 0.015650 seconds .

========================================================================
Received Prepare
Registering precompiled user dll's ...
Registered in 0.000747 seconds.
Begin MonoManager ReloadAssembly
Native extension for WindowsStandalone target not found
Native extension for WebGL target not found
Refreshing native plugins compatible for Editor in 0.23 ms, found 0 plugins.
Preloading 0 native plugins for Editor in 0.00 ms.
Invoked RoslynAnalysisRunner static constructor.
RoslynAnalysisRunner will not be running.
RoslynAnalysisRunner has terminated.
Mono: successfully reloaded assembly
- Completed reload, in  0.789 seconds
Platform modules already initialized, skipping
Refreshing native plugins compatible for Editor in 0.24 ms, found 0 plugins.
Preloading 0 native plugins for Editor in 0.00 ms.
Unloading 1541 Unused Serialized files (Serialized files now loaded: 0)
System memory in use before: 78.1 MB.
System memory in use after: 78.2 MB.

Unloading 6 unused Assets to reduce memory usage. Loaded Objects now: 2068.
Total: 1.644900 ms (FindLiveObjects: 0.149000 ms CreateObjectMapping: 0.041800 ms MarkObjects: 1.412900 ms  DeleteObjects: 0.040200 ms)

========================================================================
Received Prepare
Registering precompiled user dll's ...
Registered in 0.000736 seconds.
Begin MonoManager ReloadAssembly
Native extension for WindowsStandalone target not found
Native extension for WebGL target not found
Refreshing native plugins compatible for Editor in 0.23 ms, found 0 plugins.
Preloading 0 native plugins for Editor in 0.00 ms.
Invoked RoslynAnalysisRunner static constructor.
RoslynAnalysisRunner will not be running.
RoslynAnalysisRunner has terminated.
Mono: successfully reloaded assembly
- Completed reload, in  0.806 seconds
Platform modules already initialized, skipping
Refreshing native plugins compatible for Editor in 0.25 ms, found 0 plugins.
Preloading 0 native plugins for Editor in 0.00 ms.
Unloading 1541 Unused Serialized files (Serialized files now loaded: 0)
System memory in use before: 77.6 MB.
System memory in use after: 77.6 MB.

Unloading 6 unused Assets to reduce memory usage. Loaded Objects now: 2070.
Total: 2.906200 ms (FindLiveObjects: 0.612500 ms CreateObjectMapping: 0.165000 ms MarkObjects: 1.933900 ms  DeleteObjects: 0.172300 ms)

========================================================================
Received Import Request.
  Time since last request: 454.335290 seconds.
  path: Assets/Animations/DoorClosing.anim
  artifactKey: Guid(f0771fd15eb09534faa9b93037636ecd) Importer(815301076,1909f56bfc062723c751e8b465ee728b)
Start importing Assets/Animations/DoorClosing.anim using Guid(f0771fd15eb09534faa9b93037636ecd) Importer(815301076,1909f56bfc062723c751e8b465ee728b)  -> (artifact id: 'dcb828fe8dce8c77510542d58e237d57') in 0.023798 seconds
  Import took 0.026816 seconds .

========================================================================
Received Import Request.
  Time since last request: 5.079394 seconds.
  path: Assets/Animations/DoorOpen.anim
  artifactKey: Guid(aa2b88f8a79ff094b971ad5b15b3d467) Importer(815301076,1909f56bfc062723c751e8b465ee728b)
Start importing Assets/Animations/DoorOpen.anim using Guid(aa2b88f8a79ff094b971ad5b15b3d467) Importer(815301076,1909f56bfc062723c751e8b465ee728b)  -> (artifact id: 'e7f570d1c8f85a9ac315a8d9ffdaaab4') in 0.008669 seconds
  Import took 0.011240 seconds .

========================================================================
Received Import Request.
  Time since last request: 0.003599 seconds.
  path: Assets/Animations/DoorOpen.anim
  artifactKey: Guid(aa2b88f8a79ff094b971ad5b15b3d467) Importer(815301076,1909f56bfc062723c751e8b465ee728b)
Start importing Assets/Animations/DoorOpen.anim using Guid(aa2b88f8a79ff094b971ad5b15b3d467) Importer(815301076,1909f56bfc062723c751e8b465ee728b)  -> (artifact id: 'e7f570d1c8f85a9ac315a8d9ffdaaab4') in 0.009580 seconds
  Import took 0.012227 seconds .

========================================================================
Received Prepare
Registering precompiled user dll's ...
Registered in 0.000638 seconds.
Begin MonoManager ReloadAssembly
Native extension for WindowsStandalone target not found
Native extension for WebGL target not found
Refreshing native plugins compatible for Editor in 0.50 ms, found 0 plugins.
Preloading 0 native plugins for Editor in 0.00 ms.
Invoked RoslynAnalysisRunner static constructor.
RoslynAnalysisRunner will not be running.
RoslynAnalysisRunner has terminated.
Mono: successfully reloaded assembly
- Completed reload, in  0.791 seconds
Platform modules already initialized, skipping
Refreshing native plugins compatible for Editor in 0.23 ms, found 0 plugins.
Preloading 0 native plugins for Editor in 0.00 ms.
Unloading 1541 Unused Serialized files (Serialized files now loaded: 0)
System memory in use before: 77.9 MB.
System memory in use after: 78.0 MB.

Unloading 6 unused Assets to reduce memory usage. Loaded Objects now: 2072.
Total: 2.368700 ms (FindLiveObjects: 0.267800 ms CreateObjectMapping: 0.115300 ms MarkObjects: 1.943400 ms  DeleteObjects: 0.040800 ms)

========================================================================
Received Prepare
Registering precompiled user dll's ...
Registered in 0.000656 seconds.
Begin MonoManager ReloadAssembly
Native extension for WindowsStandalone target not found
Native extension for WebGL target not found
Refreshing native plugins compatible for Editor in 0.38 ms, found 0 plugins.
Preloading 0 native plugins for Editor in 0.00 ms.
Invoked RoslynAnalysisRunner static constructor.
RoslynAnalysisRunner will not be running.
RoslynAnalysisRunner has terminated.
Mono: successfully reloaded assembly
- Completed reload, in  0.822 seconds
Platform modules already initialized, skipping
Refreshing native plugins compatible for Editor in 0.23 ms, found 0 plugins.
Preloading 0 native plugins for Editor in 0.00 ms.
Unloading 1541 Unused Serialized files (Serialized files now loaded: 0)
System memory in use before: 78.1 MB.
System memory in use after: 78.2 MB.

Unloading 6 unused Assets to reduce memory usage. Loaded Objects now: 2074.
Total: 2.180500 ms (FindLiveObjects: 0.375600 ms CreateObjectMapping: 0.195600 ms MarkObjects: 1.561900 ms  DeleteObjects: 0.046400 ms)

========================================================================
Received Import Request.
  Time since last request: 544.374201 seconds.
  path: Assets/Scripts/MassMangementScript.cs
  artifactKey: Guid(a498f5e752dddae49a45f7003d9efd6f) Importer(815301076,1909f56bfc062723c751e8b465ee728b)
Start importing Assets/Scripts/MassMangementScript.cs using Guid(a498f5e752dddae49a45f7003d9efd6f) Importer(815301076,1909f56bfc062723c751e8b465ee728b)  -> (artifact id: '28b7c20b4cbbeee9884bd9fda3076262') in 0.009291 seconds
  Import took 0.012167 seconds .

========================================================================
Received Prepare
Registering precompiled user dll's ...
Registered in 0.000576 seconds.
Begin MonoManager ReloadAssembly
Native extension for WindowsStandalone target not found
Native extension for WebGL target not found
Refreshing native plugins compatible for Editor in 0.22 ms, found 0 plugins.
Preloading 0 native plugins for Editor in 0.00 ms.
Invoked RoslynAnalysisRunner static constructor.
RoslynAnalysisRunner will not be running.
RoslynAnalysisRunner has terminated.
Mono: successfully reloaded assembly
- Completed reload, in  0.793 seconds
Platform modules already initialized, skipping
Refreshing native plugins compatible for Editor in 0.33 ms, found 0 plugins.
Preloading 0 native plugins for Editor in 0.00 ms.
Unloading 1541 Unused Serialized files (Serialized files now loaded: 0)
System memory in use before: 77.5 MB.
System memory in use after: 77.6 MB.

Unloading 6 unused Assets to reduce memory usage. Loaded Objects now: 2076.
Total: 3.306800 ms (FindLiveObjects: 0.219100 ms CreateObjectMapping: 0.060400 ms MarkObjects: 2.884400 ms  DeleteObjects: 0.122700 ms)

========================================================================
Received Import Request.
  Time since last request: 10.147925 seconds.
  path: Assets/Scripts/MassMangementScript.cs
  artifactKey: Guid(a498f5e752dddae49a45f7003d9efd6f) Importer(815301076,1909f56bfc062723c751e8b465ee728b)
Start importing Assets/Scripts/MassMangementScript.cs using Guid(a498f5e752dddae49a45f7003d9efd6f) Importer(815301076,1909f56bfc062723c751e8b465ee728b)  -> (artifact id: 'b7fac27ae86fa369d7e1dd05b7357933') in 0.010659 seconds
  Import took 0.012951 seconds .

========================================================================
Received Import Request.
  Time since last request: 3.063944 seconds.
  path: Assets/Scripts/MassMangementScript.cs
  artifactKey: Guid(a498f5e752dddae49a45f7003d9efd6f) Importer(815301076,1909f56bfc062723c751e8b465ee728b)
Start importing Assets/Scripts/MassMangementScript.cs using Guid(a498f5e752dddae49a45f7003d9efd6f) Importer(815301076,1909f56bfc062723c751e8b465ee728b)  -> (artifact id: 'b7fac27ae86fa369d7e1dd05b7357933') in 0.007451 seconds
  Import took 0.010370 seconds .

========================================================================
Received Prepare
Registering precompiled user dll's ...
Registered in 0.000590 seconds.
Begin MonoManager ReloadAssembly
Native extension for WindowsStandalone target not found
Native extension for WebGL target not found
Refreshing native plugins compatible for Editor in 0.23 ms, found 0 plugins.
Preloading 0 native plugins for Editor in 0.00 ms.
Invoked RoslynAnalysisRunner static constructor.
RoslynAnalysisRunner will not be running.
RoslynAnalysisRunner has terminated.
Mono: successfully reloaded assembly
- Completed reload, in  0.837 seconds
Platform modules already initialized, skipping
Refreshing native plugins compatible for Editor in 0.24 ms, found 0 plugins.
Preloading 0 native plugins for Editor in 0.00 ms.
Unloading 1541 Unused Serialized files (Serialized files now loaded: 0)
System memory in use before: 77.8 MB.
System memory in use after: 77.9 MB.

Unloading 6 unused Assets to reduce memory usage. Loaded Objects now: 2078.
Total: 2.487300 ms (FindLiveObjects: 0.306100 ms CreateObjectMapping: 0.079400 ms MarkObjects: 2.057700 ms  DeleteObjects: 0.042900 ms)

========================================================================
Received Prepare
Registering precompiled user dll's ...
Registered in 0.000996 seconds.
Begin MonoManager ReloadAssembly
Native extension for WindowsStandalone target not found
Native extension for WebGL target not found
Refreshing native plugins compatible for Editor in 0.41 ms, found 0 plugins.
Preloading 0 native plugins for Editor in 0.00 ms.
Invoked RoslynAnalysisRunner static constructor.
RoslynAnalysisRunner will not be running.
RoslynAnalysisRunner has terminated.
Mono: successfully reloaded assembly
- Completed reload, in  0.849 seconds
Platform modules already initialized, skipping
Refreshing native plugins compatible for Editor in 0.23 ms, found 0 plugins.
Preloading 0 native plugins for Editor in 0.00 ms.
Unloading 1541 Unused Serialized files (Serialized files now loaded: 0)
System memory in use before: 78.1 MB.
System memory in use after: 78.2 MB.

Unloading 6 unused Assets to reduce memory usage. Loaded Objects now: 2080.
Total: 2.377500 ms (FindLiveObjects: 0.449700 ms CreateObjectMapping: 0.137500 ms MarkObjects: 1.728800 ms  DeleteObjects: 0.059800 ms)

========================================================================
Received Import Request.
  Time since last request: 71.212795 seconds.
  path: Assets/Scripts/MassMangementScript.cs
  artifactKey: Guid(a498f5e752dddae49a45f7003d9efd6f) Importer(815301076,1909f56bfc062723c751e8b465ee728b)
Start importing Assets/Scripts/MassMangementScript.cs using Guid(a498f5e752dddae49a45f7003d9efd6f) Importer(815301076,1909f56bfc062723c751e8b465ee728b)  -> (artifact id: '444fdae68bb09bdbed78c7ab697fc7df') in 0.008823 seconds
  Import took 0.011292 seconds .

========================================================================
Received Prepare
Registering precompiled user dll's ...
Registered in 0.000813 seconds.
Begin MonoManager ReloadAssembly
Native extension for WindowsStandalone target not found
Native extension for WebGL target not found
Refreshing native plugins compatible for Editor in 0.25 ms, found 0 plugins.
Preloading 0 native plugins for Editor in 0.00 ms.
Invoked RoslynAnalysisRunner static constructor.
RoslynAnalysisRunner will not be running.
RoslynAnalysisRunner has terminated.
Mono: successfully reloaded assembly
- Completed reload, in  0.962 seconds
Platform modules already initialized, skipping
Refreshing native plugins compatible for Editor in 0.24 ms, found 0 plugins.
Preloading 0 native plugins for Editor in 0.00 ms.
Unloading 1541 Unused Serialized files (Serialized files now loaded: 0)
System memory in use before: 78.2 MB.
System memory in use after: 78.2 MB.

Unloading 6 unused Assets to reduce memory usage. Loaded Objects now: 2082.
Total: 2.254100 ms (FindLiveObjects: 0.175000 ms CreateObjectMapping: 0.051300 ms MarkObjects: 1.937100 ms  DeleteObjects: 0.089600 ms)

========================================================================
Received Import Request.
  Time since last request: 859.852595 seconds.
  path: Assets/Scenes/Game.unity
  artifactKey: Guid(9fc0d4010bbf28b4594072e72b8655ab) Importer(815301076,1909f56bfc062723c751e8b465ee728b)
Start importing Assets/Scenes/Game.unity using Guid(9fc0d4010bbf28b4594072e72b8655ab) Importer(815301076,1909f56bfc062723c751e8b465ee728b)  -> (artifact id: 'de14da6bd53116b23150a91e64623cab') in 0.019306 seconds
  Import took 0.021684 seconds .

========================================================================
Received Prepare
Registering precompiled user dll's ...
Registered in 0.001047 seconds.
Begin MonoManager ReloadAssembly
Native extension for WindowsStandalone target not found
Native extension for WebGL target not found
Refreshing native plugins compatible for Editor in 0.23 ms, found 0 plugins.
Preloading 0 native plugins for Editor in 0.00 ms.
Invoked RoslynAnalysisRunner static constructor.
RoslynAnalysisRunner will not be running.
RoslynAnalysisRunner has terminated.
Mono: successfully reloaded assembly
- Completed reload, in  0.766 seconds
Platform modules already initialized, skipping
Refreshing native plugins compatible for Editor in 0.23 ms, found 0 plugins.
Preloading 0 native plugins for Editor in 0.00 ms.
Unloading 1541 Unused Serialized files (Serialized files now loaded: 0)
System memory in use before: 77.7 MB.
System memory in use after: 77.8 MB.

Unloading 6 unused Assets to reduce memory usage. Loaded Objects now: 2084.
Total: 1.678700 ms (FindLiveObjects: 0.136500 ms CreateObjectMapping: 0.041700 ms MarkObjects: 1.462900 ms  DeleteObjects: 0.036700 ms)

========================================================================
Received Import Request.
  Time since last request: 27.608571 seconds.
  path: Assets/Scenes/GameOver.unity
  artifactKey: Guid(a30ab1a0e0b8d6f43a125c13739c80b7) Importer(815301076,1909f56bfc062723c751e8b465ee728b)
Start importing Assets/Scenes/GameOver.unity using Guid(a30ab1a0e0b8d6f43a125c13739c80b7) Importer(815301076,1909f56bfc062723c751e8b465ee728b)  -> (artifact id: '476c73ca88239f6ec0b32c14f5080348') in 0.016811 seconds
  Import took 0.019164 seconds .

========================================================================
Received Import Request.
  Time since last request: 5.295006 seconds.
  path: Assets/Scenes/Game.unity
  artifactKey: Guid(9fc0d4010bbf28b4594072e72b8655ab) Importer(815301076,1909f56bfc062723c751e8b465ee728b)
Start importing Assets/Scenes/Game.unity using Guid(9fc0d4010bbf28b4594072e72b8655ab) Importer(815301076,1909f56bfc062723c751e8b465ee728b)  -> (artifact id: '3ed966d25485dbd4f9cbd4e2d603f081') in 0.008633 seconds
  Import took 0.011032 seconds .

========================================================================
Received Import Request.
  Time since last request: 167.071974 seconds.
  path: Assets/Scenes/GameOver.unity
  artifactKey: Guid(a30ab1a0e0b8d6f43a125c13739c80b7) Importer(815301076,1909f56bfc062723c751e8b465ee728b)
Start importing Assets/Scenes/GameOver.unity using Guid(a30ab1a0e0b8d6f43a125c13739c80b7) Importer(815301076,1909f56bfc062723c751e8b465ee728b)  -> (artifact id: '8f3ce8810c7a34f9abcae31c130b9d71') in 0.011816 seconds
  Import took 0.014367 seconds .

========================================================================
Received Import Request.
  Time since last request: 0.545084 seconds.
  path: Assets/Scenes/Game.unity
  artifactKey: Guid(9fc0d4010bbf28b4594072e72b8655ab) Importer(815301076,1909f56bfc062723c751e8b465ee728b)
Start importing Assets/Scenes/Game.unity using Guid(9fc0d4010bbf28b4594072e72b8655ab) Importer(815301076,1909f56bfc062723c751e8b465ee728b)  -> (artifact id: '96d389cab99a8a3e7abaaeb1d8c5eef4') in 0.009010 seconds
  Import took 0.011976 seconds .

========================================================================
Received Prepare
Registering precompiled user dll's ...
Registered in 0.000490 seconds.
Begin MonoManager ReloadAssembly
Native extension for WindowsStandalone target not found
Native extension for WebGL target not found
Refreshing native plugins compatible for Editor in 0.76 ms, found 0 plugins.
Preloading 0 native plugins for Editor in 0.00 ms.
Invoked RoslynAnalysisRunner static constructor.
RoslynAnalysisRunner will not be running.
RoslynAnalysisRunner has terminated.
Mono: successfully reloaded assembly
- Completed reload, in  0.884 seconds
Platform modules already initialized, skipping
Refreshing native plugins compatible for Editor in 0.25 ms, found 0 plugins.
Preloading 0 native plugins for Editor in 0.00 ms.
Unloading 1542 Unused Serialized files (Serialized files now loaded: 0)
System memory in use before: 78.0 MB.
System memory in use after: 78.1 MB.

Unloading 6 unused Assets to reduce memory usage. Loaded Objects now: 2087.
Total: 2.718800 ms (FindLiveObjects: 0.189800 ms CreateObjectMapping: 0.047700 ms MarkObjects: 2.434800 ms  DeleteObjects: 0.045000 ms)

========================================================================
Received Prepare
Registering precompiled user dll's ...
Registered in 0.000542 seconds.
Begin MonoManager ReloadAssembly
Native extension for WindowsStandalone target not found
Native extension for WebGL target not found
Refreshing native plugins compatible for Editor in 0.22 ms, found 0 plugins.
Preloading 0 native plugins for Editor in 0.00 ms.
Invoked RoslynAnalysisRunner static constructor.
RoslynAnalysisRunner will not be running.
RoslynAnalysisRunner has terminated.
Mono: successfully reloaded assembly
- Completed reload, in  0.750 seconds
Platform modules already initialized, skipping
Refreshing native plugins compatible for Editor in 0.22 ms, found 0 plugins.
Preloading 0 native plugins for Editor in 0.00 ms.
Unloading 1542 Unused Serialized files (Serialized files now loaded: 0)
System memory in use before: 78.2 MB.
System memory in use after: 78.3 MB.

Unloading 6 unused Assets to reduce memory usage. Loaded Objects now: 2089.
Total: 1.535800 ms (FindLiveObjects: 0.152800 ms CreateObjectMapping: 0.049500 ms MarkObjects: 1.297000 ms  DeleteObjects: 0.035700 ms)

========================================================================
Received Prepare
Registering precompiled user dll's ...
Registered in 0.000611 seconds.
Begin MonoManager ReloadAssembly
Native extension for WindowsStandalone target not found
Native extension for WebGL target not found
Refreshing native plugins compatible for Editor in 0.23 ms, found 0 plugins.
Preloading 0 native plugins for Editor in 0.00 ms.
Invoked RoslynAnalysisRunner static constructor.
RoslynAnalysisRunner will not be running.
RoslynAnalysisRunner has terminated.
Mono: successfully reloaded assembly
- Completed reload, in  0.742 seconds
Platform modules already initialized, skipping
Refreshing native plugins compatible for Editor in 0.23 ms, found 0 plugins.
Preloading 0 native plugins for Editor in 0.00 ms.
Unloading 1542 Unused Serialized files (Serialized files now loaded: 0)
System memory in use before: 77.6 MB.
System memory in use after: 77.7 MB.

Unloading 6 unused Assets to reduce memory usage. Loaded Objects now: 2091.
Total: 1.605100 ms (FindLiveObjects: 0.127900 ms CreateObjectMapping: 0.038200 ms MarkObjects: 1.403800 ms  DeleteObjects: 0.034600 ms)

========================================================================
Received Prepare
Registering precompiled user dll's ...
Registered in 0.000507 seconds.
Begin MonoManager ReloadAssembly
Native extension for WindowsStandalone target not found
Native extension for WebGL target not found
Refreshing native plugins compatible for Editor in 0.22 ms, found 0 plugins.
Preloading 0 native plugins for Editor in 0.00 ms.
Invoked RoslynAnalysisRunner static constructor.
RoslynAnalysisRunner will not be running.
RoslynAnalysisRunner has terminated.
Mono: successfully reloaded assembly
- Completed reload, in  0.726 seconds
Platform modules already initialized, skipping
Refreshing native plugins compatible for Editor in 0.22 ms, found 0 plugins.
Preloading 0 native plugins for Editor in 0.00 ms.
Unloading 1542 Unused Serialized files (Serialized files now loaded: 0)
System memory in use before: 77.9 MB.
System memory in use after: 78.0 MB.

Unloading 6 unused Assets to reduce memory usage. Loaded Objects now: 2093.
Total: 1.537800 ms (FindLiveObjects: 0.136000 ms CreateObjectMapping: 0.039500 ms MarkObjects: 1.327000 ms  DeleteObjects: 0.034400 ms)

========================================================================
Received Import Request.
  Time since last request: 850.339744 seconds.
  path: Assets/Scenes/Blocker.controller
  artifactKey: Guid(0eee22b47814f6349b057194ee311efc) Importer(815301076,1909f56bfc062723c751e8b465ee728b)
Start importing Assets/Scenes/Blocker.controller using Guid(0eee22b47814f6349b057194ee311efc) Importer(815301076,1909f56bfc062723c751e8b465ee728b)  -> (artifact id: 'bc935f320f335ccdb6cb9a98276327a0') in 0.017249 seconds
  Import took 0.019550 seconds .

========================================================================
Received Prepare
Registering precompiled user dll's ...
Registered in 0.000511 seconds.
Begin MonoManager ReloadAssembly
Native extension for WindowsStandalone target not found
Native extension for WebGL target not found
Refreshing native plugins compatible for Editor in 0.25 ms, found 0 plugins.
Preloading 0 native plugins for Editor in 0.00 ms.
Invoked RoslynAnalysisRunner static constructor.
RoslynAnalysisRunner will not be running.
RoslynAnalysisRunner has terminated.
Mono: successfully reloaded assembly
- Completed reload, in  0.799 seconds
Platform modules already initialized, skipping
Refreshing native plugins compatible for Editor in 0.25 ms, found 0 plugins.
Preloading 0 native plugins for Editor in 0.00 ms.
Unloading 1542 Unused Serialized files (Serialized files now loaded: 0)
System memory in use before: 78.2 MB.
System memory in use after: 78.3 MB.

Unloading 6 unused Assets to reduce memory usage. Loaded Objects now: 2095.
Total: 1.627400 ms (FindLiveObjects: 0.139100 ms CreateObjectMapping: 0.046900 ms MarkObjects: 1.404300 ms  DeleteObjects: 0.036100 ms)

========================================================================
Received Import Request.
  Time since last request: 12.488584 seconds.
  path: Assets/Prefab/Blocker.prefab
  artifactKey: Guid(15de3c6f6e46c04489f28113e309e96b) Importer(815301076,1909f56bfc062723c751e8b465ee728b)
Start importing Assets/Prefab/Blocker.prefab using Guid(15de3c6f6e46c04489f28113e309e96b) Importer(815301076,1909f56bfc062723c751e8b465ee728b) The Animator Controller (Blocker) you have used is not valid. Animations will not play
UnityEngine.StackTraceUtility:ExtractStackTrace ()
UnityEditor.EditorUtility:Internal_InstantiateRemoveAllNonAnimationComponentsSingle (UnityEngine.Object,UnityEngine.Vector3,UnityEngine.Quaternion)
UnityEditor.EditorUtility:InstantiateRemoveAllNonAnimationComponents (UnityEngine.Object,UnityEngine.Vector3,UnityEngine.Quaternion)
UnityEditor.EditorUtility:InstantiateForAnimatorPreview (UnityEngine.Object)
UnityEditor.GameObjectInspector/PreviewData:UpdateGameObject (UnityEngine.Object)
UnityEditor.GameObjectInspector/PreviewData:.ctor (UnityEngine.Object)
UnityEditor.GameObjectInspector:GetPreviewData ()
UnityEditor.GameObjectInspector:RenderStaticPreview (string,UnityEngine.Object[],int,int)
UnityEditor.AssetPreviewUpdater:CreatePreviewForAsset (UnityEngine.Object,UnityEngine.Object[],string)

[C:\buildslave\unity\build\Modules/Animation/Director/AnimatorControllerPlayable.cpp line 332]

The Animator Controller (Blocker) you have used is not valid. Animations will not play
UnityEngine.StackTraceUtility:ExtractStackTrace ()
UnityEditor.EditorUtility:InitInstantiatedPreviewRecursive (UnityEngine.GameObject)
UnityEditor.EditorUtility:InstantiateForAnimatorPreview (UnityEngine.Object)
UnityEditor.GameObjectInspector/PreviewData:UpdateGameObject (UnityEngine.Object)
UnityEditor.GameObjectInspector/PreviewData:.ctor (UnityEngine.Object)
UnityEditor.GameObjectInspector:GetPreviewData ()
UnityEditor.GameObjectInspector:RenderStaticPreview (string,UnityEngine.Object[],int,int)
UnityEditor.AssetPreviewUpdater:CreatePreviewForAsset (UnityEngine.Object,UnityEngine.Object[],string)

[C:\buildslave\unity\build\Modules/Animation/Director/AnimatorControllerPlayable.cpp line 332]

 -> (artifact id: 'd2fb4717a2d2c589aa299951e195b4e4') in 0.064632 seconds
  Import took 0.067035 seconds .

========================================================================
Received Prepare
Registering precompiled user dll's ...
Registered in 0.000621 seconds.
Begin MonoManager ReloadAssembly
Native extension for WindowsStandalone target not found
Native extension for WebGL target not found
Refreshing native plugins compatible for Editor in 0.23 ms, found 0 plugins.
Preloading 0 native plugins for Editor in 0.00 ms.
Invoked RoslynAnalysisRunner static constructor.
RoslynAnalysisRunner will not be running.
RoslynAnalysisRunner has terminated.
Mono: successfully reloaded assembly
- Completed reload, in  0.722 seconds
Platform modules already initialized, skipping
Refreshing native plugins compatible for Editor in 0.23 ms, found 0 plugins.
Preloading 0 native plugins for Editor in 0.00 ms.
Unloading 1542 Unused Serialized files (Serialized files now loaded: 0)
System memory in use before: 77.7 MB.
System memory in use after: 77.8 MB.

Unloading 7 unused Assets to reduce memory usage. Loaded Objects now: 2099.
Total: 1.538200 ms (FindLiveObjects: 0.131900 ms CreateObjectMapping: 0.038700 ms MarkObjects: 1.331000 ms  DeleteObjects: 0.036000 ms)

========================================================================
Received Import Request.
  Time since last request: 121.776755 seconds.
  path: Assets/Prefab/Blocker.prefab
  artifactKey: Guid(15de3c6f6e46c04489f28113e309e96b) Importer(815301076,1909f56bfc062723c751e8b465ee728b)
Start importing Assets/Prefab/Blocker.prefab using Guid(15de3c6f6e46c04489f28113e309e96b) Importer(815301076,1909f56bfc062723c751e8b465ee728b) The Animator Controller (Blocker) you have used is not valid. Animations will not play
UnityEngine.StackTraceUtility:ExtractStackTrace ()
UnityEditor.EditorUtility:Internal_InstantiateRemoveAllNonAnimationComponentsSingle (UnityEngine.Object,UnityEngine.Vector3,UnityEngine.Quaternion)
UnityEditor.EditorUtility:InstantiateRemoveAllNonAnimationComponents (UnityEngine.Object,UnityEngine.Vector3,UnityEngine.Quaternion)
UnityEditor.EditorUtility:InstantiateForAnimatorPreview (UnityEngine.Object)
UnityEditor.GameObjectInspector/PreviewData:UpdateGameObject (UnityEngine.Object)
UnityEditor.GameObjectInspector/PreviewData:.ctor (UnityEngine.Object)
UnityEditor.GameObjectInspector:GetPreviewData ()
UnityEditor.GameObjectInspector:RenderStaticPreview (string,UnityEngine.Object[],int,int)
UnityEditor.AssetPreviewUpdater:CreatePreviewForAsset (UnityEngine.Object,UnityEngine.Object[],string)

[C:\buildslave\unity\build\Modules/Animation/Director/AnimatorControllerPlayable.cpp line 332]

The Animator Controller (Blocker) you have used is not valid. Animations will not play
UnityEngine.StackTraceUtility:ExtractStackTrace ()
UnityEditor.EditorUtility:InitInstantiatedPreviewRecursive (UnityEngine.GameObject)
UnityEditor.EditorUtility:InstantiateForAnimatorPreview (UnityEngine.Object)
UnityEditor.GameObjectInspector/PreviewData:UpdateGameObject (UnityEngine.Object)
UnityEditor.GameObjectInspector/PreviewData:.ctor (UnityEngine.Object)
UnityEditor.GameObjectInspector:GetPreviewData ()
UnityEditor.GameObjectInspector:RenderStaticPreview (string,UnityEngine.Object[],int,int)
UnityEditor.AssetPreviewUpdater:CreatePreviewForAsset (UnityEngine.Object,UnityEngine.Object[],string)

[C:\buildslave\unity\build\Modules/Animation/Director/AnimatorControllerPlayable.cpp line 332]

 -> (artifact id: 'd385fa7f49c9a210355b3535dda4a57a') in 0.063145 seconds
  Import took 0.065521 seconds .

========================================================================
Received Prepare
Registering precompiled user dll's ...
Registered in 0.000568 seconds.
Begin MonoManager ReloadAssembly
Native extension for WindowsStandalone target not found
Native extension for WebGL target not found
Refreshing native plugins compatible for Editor in 0.24 ms, found 0 plugins.
Preloading 0 native plugins for Editor in 0.00 ms.
Invoked RoslynAnalysisRunner static constructor.
RoslynAnalysisRunner will not be running.
RoslynAnalysisRunner has terminated.
Mono: successfully reloaded assembly
- Completed reload, in  0.740 seconds
Platform modules already initialized, skipping
Refreshing native plugins compatible for Editor in 0.23 ms, found 0 plugins.
Preloading 0 native plugins for Editor in 0.00 ms.
Unloading 1542 Unused Serialized files (Serialized files now loaded: 0)
System memory in use before: 78.0 MB.
System memory in use after: 78.1 MB.

Unloading 7 unused Assets to reduce memory usage. Loaded Objects now: 2102.
Total: 1.636300 ms (FindLiveObjects: 0.129800 ms CreateObjectMapping: 0.040000 ms MarkObjects: 1.429900 ms  DeleteObjects: 0.035900 ms)

========================================================================
Received Import Request.
  Time since last request: 276.746106 seconds.
  path: Assets/Animations/Spinner.anim
  artifactKey: Guid(5999655fd2a650f438b37fdb26a00a8f) Importer(815301076,1909f56bfc062723c751e8b465ee728b)
Start importing Assets/Animations/Spinner.anim using Guid(5999655fd2a650f438b37fdb26a00a8f) Importer(815301076,1909f56bfc062723c751e8b465ee728b)  -> (artifact id: '23d2ca7d2c727a168103ee334419cc2d') in 0.019432 seconds
  Import took 0.021796 seconds .

========================================================================
Received Import Request.
  Time since last request: 1.725550 seconds.
  path: Assets/Animations/Blocker.anim
  artifactKey: Guid(5f1490bc2c1fd24468409dc52db65fac) Importer(815301076,1909f56bfc062723c751e8b465ee728b)
Start importing Assets/Animations/Blocker.anim using Guid(5f1490bc2c1fd24468409dc52db65fac) Importer(815301076,1909f56bfc062723c751e8b465ee728b)  -> (artifact id: '091d445378d660547c9c166188c57bcc') in 0.007481 seconds
  Import took 0.009978 seconds .

========================================================================
Received Import Request.
  Time since last request: 0.005572 seconds.
  path: Assets/Animations/Blocker.anim
  artifactKey: Guid(5f1490bc2c1fd24468409dc52db65fac) Importer(815301076,1909f56bfc062723c751e8b465ee728b)
Start importing Assets/Animations/Blocker.anim using Guid(5f1490bc2c1fd24468409dc52db65fac) Importer(815301076,1909f56bfc062723c751e8b465ee728b)  -> (artifact id: '091d445378d660547c9c166188c57bcc') in 0.007508 seconds
  Import took 0.010128 seconds .

========================================================================
Received Import Request.
  Time since last request: 11.848903 seconds.
  path: Assets/Animations/Spinner.controller
  artifactKey: Guid(fef3b4200fe723d42b92792e81b92839) Importer(815301076,1909f56bfc062723c751e8b465ee728b)
Start importing Assets/Animations/Spinner.controller using Guid(fef3b4200fe723d42b92792e81b92839) Importer(815301076,1909f56bfc062723c751e8b465ee728b)  -> (artifact id: 'ad10adbafba2748957a769f34b56333c') in 0.007588 seconds
  Import took 0.009768 seconds .

========================================================================
Received Import Request.
  Time since last request: 4.720838 seconds.
  path: Assets/Animations/Spinner.anim
  artifactKey: Guid(5999655fd2a650f438b37fdb26a00a8f) Importer(815301076,1909f56bfc062723c751e8b465ee728b)
Start importing Assets/Animations/Spinner.anim using Guid(5999655fd2a650f438b37fdb26a00a8f) Importer(815301076,1909f56bfc062723c751e8b465ee728b)  -> (artifact id: 'aae606043a9a4a9b2b3af3d4cc0e8d1a') in 0.007851 seconds
  Import took 0.010277 seconds .

========================================================================
Received Import Request.
  Time since last request: 29.325950 seconds.
  path: Assets/Animations/Spinner.prefab
  artifactKey: Guid(66060bf94e4353d40af108b94306ad55) Importer(815301076,1909f56bfc062723c751e8b465ee728b)
Start importing Assets/Animations/Spinner.prefab using Guid(66060bf94e4353d40af108b94306ad55) Importer(815301076,1909f56bfc062723c751e8b465ee728b)  -> (artifact id: '3bec23ae35d005af07bae1b9c4a6d7de') in 0.017196 seconds
  Import took 0.019765 seconds .

========================================================================
Received Import Request.
  Time since last request: 0.007310 seconds.
  path: Assets/Animations/Spinner.prefab
  artifactKey: Guid(66060bf94e4353d40af108b94306ad55) Importer(815301076,1909f56bfc062723c751e8b465ee728b)
Start importing Assets/Animations/Spinner.prefab using Guid(66060bf94e4353d40af108b94306ad55) Importer(815301076,1909f56bfc062723c751e8b465ee728b)  -> (artifact id: '3bec23ae35d005af07bae1b9c4a6d7de') in 0.008171 seconds
  Import took 0.010752 seconds .

========================================================================
Received Import Request.
  Time since last request: 45.171725 seconds.
  path: Assets/Prefab/Blocker.prefab
  artifactKey: Guid(15de3c6f6e46c04489f28113e309e96b) Importer(815301076,1909f56bfc062723c751e8b465ee728b)
Start importing Assets/Prefab/Blocker.prefab using Guid(15de3c6f6e46c04489f28113e309e96b) Importer(815301076,1909f56bfc062723c751e8b465ee728b)  -> (artifact id: 'ab959f60b174fdb3c38a2e23cd30406b') in 0.040742 seconds
  Import took 0.043265 seconds .

========================================================================
Received Prepare
Registering precompiled user dll's ...
Registered in 0.000566 seconds.
Begin MonoManager ReloadAssembly
Native extension for WindowsStandalone target not found
Native extension for WebGL target not found
Refreshing native plugins compatible for Editor in 0.23 ms, found 0 plugins.
Preloading 0 native plugins for Editor in 0.00 ms.
Invoked RoslynAnalysisRunner static constructor.
RoslynAnalysisRunner will not be running.
RoslynAnalysisRunner has terminated.
Mono: successfully reloaded assembly
- Completed reload, in  0.733 seconds
Platform modules already initialized, skipping
Refreshing native plugins compatible for Editor in 0.24 ms, found 0 plugins.
Preloading 0 native plugins for Editor in 0.00 ms.
Unloading 1542 Unused Serialized files (Serialized files now loaded: 0)
System memory in use before: 78.3 MB.
System memory in use after: 78.4 MB.

Unloading 7 unused Assets to reduce memory usage. Loaded Objects now: 2105.
Total: 1.665700 ms (FindLiveObjects: 0.137700 ms CreateObjectMapping: 0.041000 ms MarkObjects: 1.447200 ms  DeleteObjects: 0.039000 ms)

========================================================================
Received Prepare
Refreshing native plugins compatible for Editor in 0.62 ms, found 0 plugins.
Preloading 0 native plugins for Editor in 0.00 ms.
Unloading 3 Unused Serialized files (Serialized files now loaded: 0)
System memory in use before: 47.8 MB.
System memory in use after: 47.9 MB.

Unloading 3 unused Assets to reduce memory usage. Loaded Objects now: 2105.
Total: 1.687200 ms (FindLiveObjects: 0.151300 ms CreateObjectMapping: 0.046300 ms MarkObjects: 1.450800 ms  DeleteObjects: 0.037800 ms)

========================================================================
Received Import Request.
  Time since last request: 576.246747 seconds.
  path: Assets/Prefab/Player.prefab
  artifactKey: Guid(cb40f254cc2a44649af71fa50e06525d) Importer(815301076,1909f56bfc062723c751e8b465ee728b)
Start importing Assets/Prefab/Player.prefab using Guid(cb40f254cc2a44649af71fa50e06525d) Importer(815301076,1909f56bfc062723c751e8b465ee728b)  -> (artifact id: 'db9d86e892e9c62aa5750ce88776930d') in 0.118039 seconds
  Import took 0.120649 seconds .

========================================================================
Received Import Request.
  Time since last request: 0.139818 seconds.
  path: Assets/Prefab/MassCube.prefab
  artifactKey: Guid(25d56e765fa31e54695cddd63ca0cd53) Importer(815301076,1909f56bfc062723c751e8b465ee728b)
Start importing Assets/Prefab/MassCube.prefab using Guid(25d56e765fa31e54695cddd63ca0cd53) Importer(815301076,1909f56bfc062723c751e8b465ee728b)  -> (artifact id: 'd19b9972275aefbd59b4123ef621411a') in 1.174996 seconds
  Import took 1.177527 seconds .

========================================================================
Received Import Request.
  Time since last request: 0.000634 seconds.
  path: Assets/Prefab/Blocker.prefab
  artifactKey: Guid(15de3c6f6e46c04489f28113e309e96b) Importer(815301076,1909f56bfc062723c751e8b465ee728b)
Start importing Assets/Prefab/Blocker.prefab using Guid(15de3c6f6e46c04489f28113e309e96b) Importer(815301076,1909f56bfc062723c751e8b465ee728b)  -> (artifact id: '82a8ae0de325988535bcf7c9efec6214') in 0.017684 seconds
  Import took 0.020157 seconds .

========================================================================
Received Import Request.
  Time since last request: 18.096330 seconds.
  path: Assets/Audio/tea-time_loop/Assets_for_Unity
  artifactKey: Guid(8710131565e526a4c955119ea00811a1) Importer(815301076,1909f56bfc062723c751e8b465ee728b)
Start importing Assets/Audio/tea-time_loop/Assets_for_Unity using Guid(8710131565e526a4c955119ea00811a1) Importer(815301076,1909f56bfc062723c751e8b465ee728b)  -> (artifact id: 'd4f5f2eddfcba8052588a88197493adf') in 0.008871 seconds
  Import took 0.011316 seconds .

========================================================================
Received Import Request.
  Time since last request: 17.950315 seconds.
  path: Assets/Scripts/PuzzleTrigger.cs
  artifactKey: Guid(7f6dc1fa346976049b7169e63ada8298) Importer(815301076,1909f56bfc062723c751e8b465ee728b)
Start importing Assets/Scripts/PuzzleTrigger.cs using Guid(7f6dc1fa346976049b7169e63ada8298) Importer(815301076,1909f56bfc062723c751e8b465ee728b)  -> (artifact id: 'c9986ae4b0db40dc3e37c932d7bc64f0') in 0.085878 seconds
  Import took 0.088231 seconds .

========================================================================
Received Import Request.
  Time since last request: 6.986243 seconds.
  path: Assets/Scenes/Game.unity
  artifactKey: Guid(9fc0d4010bbf28b4594072e72b8655ab) Importer(815301076,1909f56bfc062723c751e8b465ee728b)
Start importing Assets/Scenes/Game.unity using Guid(9fc0d4010bbf28b4594072e72b8655ab) Importer(815301076,1909f56bfc062723c751e8b465ee728b)  -> (artifact id: 'e45cb6c316465c3fb3b2c1fc09fc8fdb') in 0.008237 seconds
  Import took 0.010556 seconds .

========================================================================
Received Prepare
Registering precompiled user dll's ...
Registered in 0.000529 seconds.
Begin MonoManager ReloadAssembly
Native extension for WindowsStandalone target not found
Native extension for WebGL target not found
Refreshing native plugins compatible for Editor in 0.23 ms, found 0 plugins.
Preloading 0 native plugins for Editor in 0.00 ms.
Invoked RoslynAnalysisRunner static constructor.
RoslynAnalysisRunner will not be running.
RoslynAnalysisRunner has terminated.
Mono: successfully reloaded assembly
- Completed reload, in  0.747 seconds
Platform modules already initialized, skipping
Refreshing native plugins compatible for Editor in 0.23 ms, found 0 plugins.
Preloading 0 native plugins for Editor in 0.00 ms.
Unloading 1542 Unused Serialized files (Serialized files now loaded: 0)
System memory in use before: 78.6 MB.
System memory in use after: 78.6 MB.

Unloading 7 unused Assets to reduce memory usage. Loaded Objects now: 2108.
Total: 1.587400 ms (FindLiveObjects: 0.149400 ms CreateObjectMapping: 0.046000 ms MarkObjects: 1.351700 ms  DeleteObjects: 0.039300 ms)

========================================================================
Received Import Request.
  Time since last request: 41.121272 seconds.
  path: Assets/OpenSceneScript.cs
  artifactKey: Guid(0e25aad621547324784e4d012f0d2d2f) Importer(815301076,1909f56bfc062723c751e8b465ee728b)
Start importing Assets/OpenSceneScript.cs using Guid(0e25aad621547324784e4d012f0d2d2f) Importer(815301076,1909f56bfc062723c751e8b465ee728b)  -> (artifact id: 'd8c65bba29bf6fde8512dbf16c006b7e') in 0.009584 seconds
  Import took 0.012153 seconds .

========================================================================
Received Prepare
Registering precompiled user dll's ...
Registered in 0.000535 seconds.
Begin MonoManager ReloadAssembly
Native extension for WindowsStandalone target not found
Native extension for WebGL target not found
Refreshing native plugins compatible for Editor in 0.22 ms, found 0 plugins.
Preloading 0 native plugins for Editor in 0.00 ms.
Invoked RoslynAnalysisRunner static constructor.
RoslynAnalysisRunner will not be running.
RoslynAnalysisRunner has terminated.
Mono: successfully reloaded assembly
- Completed reload, in  0.733 seconds
Platform modules already initialized, skipping
Refreshing native plugins compatible for Editor in 0.23 ms, found 0 plugins.
Preloading 0 native plugins for Editor in 0.00 ms.
Unloading 1542 Unused Serialized files (Serialized files now loaded: 0)
System memory in use before: 79.0 MB.
System memory in use after: 79.0 MB.

Unloading 6 unused Assets to reduce memory usage. Loaded Objects now: 2110.
Total: 1.720700 ms (FindLiveObjects: 0.151700 ms CreateObjectMapping: 0.049900 ms MarkObjects: 1.479900 ms  DeleteObjects: 0.038300 ms)

========================================================================
Received Prepare
Refreshing native plugins compatible for Editor in 0.70 ms, found 0 plugins.
Preloading 0 native plugins for Editor in 0.00 ms.
Unloading 3 Unused Serialized files (Serialized files now loaded: 0)
System memory in use before: 47.8 MB.
System memory in use after: 47.9 MB.

Unloading 3 unused Assets to reduce memory usage. Loaded Objects now: 2110.
Total: 1.504200 ms (FindLiveObjects: 0.145900 ms CreateObjectMapping: 0.043000 ms MarkObjects: 1.283700 ms  DeleteObjects: 0.030600 ms)

========================================================================
Received Prepare
Refreshing native plugins compatible for Editor in 0.55 ms, found 0 plugins.
Preloading 0 native plugins for Editor in 0.00 ms.
Unloading 3 Unused Serialized files (Serialized files now loaded: 0)
System memory in use before: 48.2 MB.
System memory in use after: 48.3 MB.

Unloading 3 unused Assets to reduce memory usage. Loaded Objects now: 2110.
Total: 1.650400 ms (FindLiveObjects: 0.161100 ms CreateObjectMapping: 0.050400 ms MarkObjects: 1.400900 ms  DeleteObjects: 0.036700 ms)

AssetImportWorkerClient::OnTransportError - code=2 error=End of file
