Using pre-set license
Built from '2020.2/release' branch; Version is '2020.2.1f1 (270dd8c3da1c) revision 2559448'; Using compiler version '192528614'; Build Type 'Release'
OS: 'Windows 10  (10.0.0) 64bit' Language: 'en' Physical Memory: 32573 MB
BatchMode: 1, IsHumanControllingUs: 0, StartBugReporterOnCrash: 0, Is64bit: 1, IsPro: 0

 COMMAND LINE ARGUMENTS:
C:\Program Files\Unity\Hub\Editor\2020.2.1f1\Editor\Unity.exe
-adb2
-batchMode
-noUpm
-name
AssetImportWorker0
-projectPath
F:/Github/Game3033_FinalGameJam
-logFile
Logs/AssetImportWorker0.log
-srvPort
51598
Successfully changed project path to: F:/Github/Game3033_FinalGameJam
F:/Github/Game3033_FinalGameJam
Using Asset Import Pipeline V2.
Refreshing native plugins compatible for Editor in 20.27 ms, found 0 plugins.
Preloading 0 native plugins for Editor in 0.00 ms.
Initialize engine version: 2020.2.1f1 (270dd8c3da1c)
[Subsystems] Discovering subsystems at path C:/Program Files/Unity/Hub/Editor/2020.2.1f1/Editor/Data/Resources/UnitySubsystems
[Subsystems] Discovering subsystems at path F:/Github/Game3033_FinalGameJam/Assets
GfxDevice: creating device client; threaded=0
Direct3D:
    Version:  Direct3D 11.0 [level 11.1]
    Renderer: NVIDIA GeForce RTX 2060 (ID=0x1f08)
    Vendor:   
    VRAM:     5980 MB
    Driver:   27.21.14.6192
Initialize mono
Mono path[0] = 'C:/Program Files/Unity/Hub/Editor/2020.2.1f1/Editor/Data/Managed'
Mono path[1] = 'C:/Program Files/Unity/Hub/Editor/2020.2.1f1/Editor/Data/MonoBleedingEdge/lib/mono/unityjit'
Mono config path = 'C:/Program Files/Unity/Hub/Editor/2020.2.1f1/Editor/Data/MonoBleedingEdge/etc'
Using monoOptions --debugger-agent=transport=dt_socket,embedding=1,server=y,suspend=n,address=127.0.0.1:56856
Begin MonoManager ReloadAssembly
Registering precompiled unity dll's ...
Register platform support module: C:/Program Files/Unity/Hub/Editor/2020.2.1f1/Editor/Data/PlaybackEngines/WebGLSupport/UnityEditor.WebGL.Extensions.dll
Register platform support module: C:/Program Files/Unity/Hub/Editor/2020.2.1f1/Editor/Data/PlaybackEngines/WindowsStandaloneSupport/UnityEditor.WindowsStandalone.Extensions.dll
Registered in 0.004299 seconds.
Native extension for WindowsStandalone target not found
Native extension for WebGL target not found
Refreshing native plugins compatible for Editor in 22.24 ms, found 0 plugins.
Preloading 0 native plugins for Editor in 0.00 ms.
Invoked RoslynAnalysisRunner static constructor.
RoslynAnalysisRunner will not be running.
RoslynAnalysisRunner has terminated.
Mono: successfully reloaded assembly
- Completed reload, in  2.043 seconds
Platform modules already initialized, skipping
Registering precompiled user dll's ...
Registered in 0.000520 seconds.
Begin MonoManager ReloadAssembly
Native extension for WindowsStandalone target not found
Native extension for WebGL target not found
Refreshing native plugins compatible for Editor in 23.03 ms, found 0 plugins.
Preloading 0 native plugins for Editor in 0.00 ms.
Invoked RoslynAnalysisRunner static constructor.
RoslynAnalysisRunner will not be running.
RoslynAnalysisRunner has terminated.
Mono: successfully reloaded assembly
- Completed reload, in  0.840 seconds
Platform modules already initialized, skipping
========================================================================
Worker process is ready to serve import requests
Launched and connected shader compiler UnityShaderCompiler.exe after 0.03 seconds
Refreshing native plugins compatible for Editor in 0.22 ms, found 0 plugins.
Preloading 0 native plugins for Editor in 0.00 ms.
Unloading 1390 Unused Serialized files (Serialized files now loaded: 0)
System memory in use before: 66.7 MB.
System memory in use after: 66.7 MB.

Unloading 12 unused Assets to reduce memory usage. Loaded Objects now: 1833.
Total: 2.115000 ms (FindLiveObjects: 0.157100 ms CreateObjectMapping: 0.044800 ms MarkObjects: 1.856100 ms  DeleteObjects: 0.055500 ms)

========================================================================
Received Import Request.
  path: Assets
  artifactKey: Guid(00000000000000001000000000000000) Importer(815301076,1909f56bfc062723c751e8b465ee728b)
Start importing Assets using Guid(00000000000000001000000000000000) Importer(815301076,1909f56bfc062723c751e8b465ee728b)  -> (artifact id: 'e1a2c4dac9df7c17871e19a3b74f0e9f') in 0.179680 seconds
  Import took 0.182893 seconds .

========================================================================
Received Import Request.
  Time since last request: 0.079976 seconds.
  path: Assets/Input
  artifactKey: Guid(f98d6c25917af20499f1b909a6bab51f) Importer(815301076,1909f56bfc062723c751e8b465ee728b)
Start importing Assets/Input using Guid(f98d6c25917af20499f1b909a6bab51f) Importer(815301076,1909f56bfc062723c751e8b465ee728b)  -> (artifact id: '916408ac39a56c9bddf3745077949d00') in 0.007511 seconds
  Import took 0.009576 seconds .

========================================================================
Received Import Request.
  Time since last request: 111.285966 seconds.
  path: Assets/Input/Player.inputactions
  artifactKey: Guid(039e7b13b7e5942479f68987b7af74c0) Importer(815301076,1909f56bfc062723c751e8b465ee728b)
Start importing Assets/Input/Player.inputactions using Guid(039e7b13b7e5942479f68987b7af74c0) Importer(815301076,1909f56bfc062723c751e8b465ee728b)  -> (artifact id: '2c0a9db4f2b12ebeb78ed23cd2a07d65') in 0.045399 seconds
  Import took 0.047485 seconds .

========================================================================
Received Prepare
Registering precompiled user dll's ...
Registered in 0.000610 seconds.
Begin MonoManager ReloadAssembly
Native extension for WindowsStandalone target not found
Native extension for WebGL target not found
Refreshing native plugins compatible for Editor in 0.21 ms, found 0 plugins.
Preloading 0 native plugins for Editor in 0.00 ms.
Invoked RoslynAnalysisRunner static constructor.
RoslynAnalysisRunner will not be running.
RoslynAnalysisRunner has terminated.
Mono: successfully reloaded assembly
- Completed reload, in  0.712 seconds
Platform modules already initialized, skipping
Refreshing native plugins compatible for Editor in 0.21 ms, found 0 plugins.
Preloading 0 native plugins for Editor in 0.00 ms.
Unloading 1385 Unused Serialized files (Serialized files now loaded: 0)
System memory in use before: 66.9 MB.
System memory in use after: 67.0 MB.

Unloading 5 unused Assets to reduce memory usage. Loaded Objects now: 1835.
Total: 1.408400 ms (FindLiveObjects: 0.111800 ms CreateObjectMapping: 0.033400 ms MarkObjects: 1.227900 ms  DeleteObjects: 0.034600 ms)

========================================================================
Received Import Request.
  Time since last request: 169.158063 seconds.
  path: Assets/Input/Player.inputactions
  artifactKey: Guid(039e7b13b7e5942479f68987b7af74c0) Importer(815301076,1909f56bfc062723c751e8b465ee728b)
Start importing Assets/Input/Player.inputactions using Guid(039e7b13b7e5942479f68987b7af74c0) Importer(815301076,1909f56bfc062723c751e8b465ee728b)  -> (artifact id: 'cc5a1447b3c0f9df9ebe5fdfed2f594b') in 0.021967 seconds
  Import took 0.024082 seconds .

AssetImportWorkerClient::OnTransportError - code=2 error=End of file
